{"C:\\Users\\Frankie\\Desktop\\Development\\agile_group_work_backend\\src\\server.ts": {"path":"C:\\Users\\Frankie\\Desktop\\Development\\agile_group_work_backend\\src\\server.ts","statementMap":{"0":{"start":{"line":1,"column":0},"end":{"line":1,"column":41}},"1":{"start":{"line":2,"column":0},"end":{"line":2,"column":24}},"2":{"start":{"line":3,"column":0},"end":{"line":3,"column":32}},"3":{"start":{"line":4,"column":0},"end":{"line":4,"column":23}},"4":{"start":{"line":5,"column":0},"end":{"line":5,"column":30}},"5":{"start":{"line":6,"column":0},"end":{"line":6,"column":24}},"6":{"start":{"line":7,"column":0},"end":{"line":7,"column":38}},"7":{"start":{"line":8,"column":0},"end":{"line":8,"column":43}},"8":{"start":{"line":9,"column":0},"end":{"line":9,"column":52}},"9":{"start":{"line":10,"column":0},"end":{"line":10,"column":45}},"10":{"start":{"line":11,"column":0},"end":{"line":11,"column":59}},"11":{"start":{"line":12,"column":0},"end":{"line":12,"column":49}},"12":{"start":{"line":13,"column":0},"end":{"line":13,"column":49}},"13":{"start":{"line":14,"column":0},"end":{"line":14,"column":52}},"14":{"start":{"line":15,"column":0},"end":{"line":15,"column":38}},"15":{"start":{"line":17,"column":12},"end":{"line":17,"column":21}},"16":{"start":{"line":18,"column":15},"end":{"line":18,"column":37}},"17":{"start":{"line":21,"column":0},"end":{"line":21,"column":19}},"18":{"start":{"line":23,"column":0},"end":{"line":23,"column":9}},"19":{"start":{"line":24,"column":0},"end":{"line":24,"column":18}},"20":{"start":{"line":27,"column":0},"end":{"line":27,"column":24}},"21":{"start":{"line":28,"column":0},"end":{"line":34,"column":2}},"22":{"start":{"line":35,"column":0},"end":{"line":35,"column":24}},"23":{"start":{"line":38,"column":0},"end":{"line":38,"column":34}},"24":{"start":{"line":39,"column":0},"end":{"line":39,"column":28}},"25":{"start":{"line":40,"column":0},"end":{"line":40,"column":31}},"26":{"start":{"line":41,"column":0},"end":{"line":41,"column":40}},"27":{"start":{"line":42,"column":0},"end":{"line":42,"column":34}},"28":{"start":{"line":43,"column":0},"end":{"line":43,"column":44}},"29":{"start":{"line":44,"column":0},"end":{"line":44,"column":37}},"30":{"start":{"line":46,"column":13},"end":{"line":46,"column":17}},"31":{"start":{"line":48,"column":0},"end":{"line":50,"column":3}},"32":{"start":{"line":49,"column":2},"end":{"line":49,"column":46}},"33":{"start":{"line":52,"column":0},"end":{"line":54,"column":3}},"34":{"start":{"line":53,"column":2},"end":{"line":53,"column":44}},"35":{"start":{"line":56,"column":0},"end":{"line":59,"column":3}},"36":{"start":{"line":57,"column":2},"end":{"line":57,"column":57}},"37":{"start":{"line":58,"column":2},"end":{"line":58,"column":23}},"38":{"start":{"line":61,"column":0},"end":{"line":64,"column":3}},"39":{"start":{"line":62,"column":2},"end":{"line":62,"column":49}},"40":{"start":{"line":63,"column":2},"end":{"line":63,"column":23}}},"fnMap":{"0":{"name":"(anonymous_1)","decl":{"start":{"line":48,"column":17},"end":{"line":48,"column":20}},"loc":{"start":{"line":48,"column":22},"end":{"line":50,"column":1}}},"1":{"name":"(anonymous_2)","decl":{"start":{"line":52,"column":20},"end":{"line":52,"column":23}},"loc":{"start":{"line":52,"column":25},"end":{"line":54,"column":1}}},"2":{"name":"(anonymous_3)","decl":{"start":{"line":56,"column":33},"end":{"line":56,"column":34}},"loc":{"start":{"line":56,"column":39},"end":{"line":59,"column":1}}},"3":{"name":"(anonymous_4)","decl":{"start":{"line":61,"column":32},"end":{"line":61,"column":33}},"loc":{"start":{"line":61,"column":38},"end":{"line":64,"column":1}}}},"branchMap":{},"s":{"0":0,"1":0,"2":0,"3":0,"4":0,"5":0,"6":0,"7":0,"8":0,"9":0,"10":0,"11":0,"12":0,"13":0,"14":0,"15":0,"16":0,"17":0,"18":0,"19":0,"20":0,"21":0,"22":0,"23":0,"24":0,"25":0,"26":0,"27":0,"28":0,"29":0,"30":0,"31":0,"32":0,"33":0,"34":0,"35":0,"36":0,"37":0,"38":0,"39":0,"40":0},"f":{"0":0,"1":0,"2":0,"3":0},"b":{}}
,"C:\\Users\\Frankie\\Desktop\\Development\\agile_group_work_backend\\src\\socket.ts": {"path":"C:\\Users\\Frankie\\Desktop\\Development\\agile_group_work_backend\\src\\socket.ts","statementMap":{"0":{"start":{"line":1,"column":0},"end":{"line":1,"column":35}},"1":{"start":{"line":5,"column":26},"end":{"line":22,"column":1}},"2":{"start":{"line":6,"column":2},"end":{"line":11,"column":5}},"3":{"start":{"line":13,"column":2},"end":{"line":19,"column":5}},"4":{"start":{"line":14,"column":4},"end":{"line":14,"column":46}},"5":{"start":{"line":16,"column":4},"end":{"line":18,"column":7}},"6":{"start":{"line":17,"column":6},"end":{"line":17,"column":26}},"7":{"start":{"line":21,"column":2},"end":{"line":21,"column":12}},"8":{"start":{"line":5,"column":13},"end":{"line":5,"column":26}},"9":{"start":{"line":24,"column":21},"end":{"line":30,"column":1}},"10":{"start":{"line":25,"column":2},"end":{"line":27,"column":3}},"11":{"start":{"line":26,"column":4},"end":{"line":26,"column":48}},"12":{"start":{"line":29,"column":2},"end":{"line":29,"column":12}},"13":{"start":{"line":24,"column":13},"end":{"line":24,"column":21}}},"fnMap":{"0":{"name":"(anonymous_0)","decl":{"start":{"line":5,"column":26},"end":{"line":5,"column":27}},"loc":{"start":{"line":5,"column":42},"end":{"line":22,"column":1}}},"1":{"name":"(anonymous_1)","decl":{"start":{"line":13,"column":22},"end":{"line":13,"column":23}},"loc":{"start":{"line":13,"column":33},"end":{"line":19,"column":3}}},"2":{"name":"(anonymous_2)","decl":{"start":{"line":16,"column":27},"end":{"line":16,"column":28}},"loc":{"start":{"line":16,"column":38},"end":{"line":18,"column":5}}},"3":{"name":"(anonymous_3)","decl":{"start":{"line":24,"column":21},"end":{"line":24,"column":24}},"loc":{"start":{"line":24,"column":26},"end":{"line":30,"column":1}}}},"branchMap":{"0":{"loc":{"start":{"line":25,"column":2},"end":{"line":27,"column":3}},"type":"if","locations":[{"start":{"line":25,"column":2},"end":{"line":27,"column":3}},{"start":{},"end":{}}]}},"s":{"0":0,"1":0,"2":0,"3":0,"4":0,"5":0,"6":0,"7":0,"8":0,"9":0,"10":0,"11":0,"12":0,"13":0},"f":{"0":0,"1":0,"2":0,"3":0},"b":{"0":[0,0]}}
,"C:\\Users\\Frankie\\Desktop\\Development\\agile_group_work_backend\\src\\controller\\authController.ts": {"path":"C:\\Users\\Frankie\\Desktop\\Development\\agile_group_work_backend\\src\\controller\\authController.ts","statementMap":{"0":{"start":{"line":1,"column":0},"end":{"line":1,"column":31}},"1":{"start":{"line":2,"column":0},"end":{"line":2,"column":39}},"2":{"start":{"line":3,"column":0},"end":{"line":3,"column":50}},"3":{"start":{"line":4,"column":0},"end":{"line":4,"column":30}},"4":{"start":{"line":7,"column":17},"end":{"line":61,"column":1}},"5":{"start":{"line":9,"column":4},"end":{"line":9,"column":12}},"6":{"start":{"line":11,"column":2},"end":{"line":11,"column":21}},"7":{"start":{"line":12,"column":15},"end":{"line":14,"column":4}},"8":{"start":{"line":16,"column":2},"end":{"line":20,"column":3}},"9":{"start":{"line":17,"column":4},"end":{"line":19,"column":7}},"10":{"start":{"line":22,"column":15},"end":{"line":22,"column":39}},"11":{"start":{"line":23,"column":25},"end":{"line":23,"column":58}},"12":{"start":{"line":25,"column":29},"end":{"line":50,"column":4}},"13":{"start":{"line":26,"column":20},"end":{"line":35,"column":6}},"14":{"start":{"line":37,"column":18},"end":{"line":37,"column":44}},"15":{"start":{"line":39,"column":4},"end":{"line":47,"column":7}},"16":{"start":{"line":49,"column":4},"end":{"line":49,"column":30}},"17":{"start":{"line":52,"column":2},"end":{"line":60,"column":5}},"18":{"start":{"line":125,"column":9},"end":{"line":125,"column":17}},"19":{"start":{"line":63,"column":14},"end":{"line":91,"column":1}},"20":{"start":{"line":64,"column":30},"end":{"line":64,"column":38}},"21":{"start":{"line":66,"column":18},"end":{"line":68,"column":4}},"22":{"start":{"line":70,"column":2},"end":{"line":72,"column":3}},"23":{"start":{"line":71,"column":4},"end":{"line":71,"column":61}},"24":{"start":{"line":74,"column":18},"end":{"line":74,"column":66}},"25":{"start":{"line":76,"column":2},"end":{"line":78,"column":3}},"26":{"start":{"line":77,"column":4},"end":{"line":77,"column":61}},"27":{"start":{"line":80,"column":16},"end":{"line":80,"column":42}},"28":{"start":{"line":82,"column":2},"end":{"line":90,"column":5}},"29":{"start":{"line":125,"column":19},"end":{"line":125,"column":24}},"30":{"start":{"line":93,"column":15},"end":{"line":103,"column":1}},"31":{"start":{"line":94,"column":2},"end":{"line":97,"column":5}},"32":{"start":{"line":99,"column":2},"end":{"line":102,"column":5}},"33":{"start":{"line":125,"column":26},"end":{"line":125,"column":32}},"34":{"start":{"line":105,"column":20},"end":{"line":123,"column":1}},"35":{"start":{"line":106,"column":2},"end":{"line":122,"column":3}},"36":{"start":{"line":107,"column":18},"end":{"line":107,"column":35}},"37":{"start":{"line":108,"column":4},"end":{"line":113,"column":5}},"38":{"start":{"line":109,"column":6},"end":{"line":112,"column":9}},"39":{"start":{"line":114,"column":20},"end":{"line":114,"column":62}},"40":{"start":{"line":115,"column":4},"end":{"line":115,"column":53}},"41":{"start":{"line":117,"column":4},"end":{"line":117,"column":19}},"42":{"start":{"line":118,"column":4},"end":{"line":121,"column":7}},"43":{"start":{"line":125,"column":34},"end":{"line":125,"column":45}}},"fnMap":{"0":{"name":"(anonymous_1)","decl":{"start":{"line":7,"column":17},"end":{"line":7,"column":22}},"loc":{"start":{"line":7,"column":55},"end":{"line":61,"column":1}}},"1":{"name":"(anonymous_2)","decl":{"start":{"line":25,"column":55},"end":{"line":25,"column":60}},"loc":{"start":{"line":25,"column":71},"end":{"line":50,"column":3}}},"2":{"name":"(anonymous_3)","decl":{"start":{"line":63,"column":14},"end":{"line":63,"column":19}},"loc":{"start":{"line":63,"column":52},"end":{"line":91,"column":1}}},"3":{"name":"(anonymous_4)","decl":{"start":{"line":93,"column":15},"end":{"line":93,"column":20}},"loc":{"start":{"line":93,"column":53},"end":{"line":103,"column":1}}},"4":{"name":"(anonymous_5)","decl":{"start":{"line":105,"column":20},"end":{"line":105,"column":21}},"loc":{"start":{"line":105,"column":52},"end":{"line":123,"column":1}}}},"branchMap":{"0":{"loc":{"start":{"line":16,"column":2},"end":{"line":20,"column":3}},"type":"if","locations":[{"start":{"line":16,"column":2},"end":{"line":20,"column":3}},{"start":{},"end":{}}]},"1":{"loc":{"start":{"line":70,"column":2},"end":{"line":72,"column":3}},"type":"if","locations":[{"start":{"line":70,"column":2},"end":{"line":72,"column":3}},{"start":{},"end":{}}]},"2":{"loc":{"start":{"line":76,"column":2},"end":{"line":78,"column":3}},"type":"if","locations":[{"start":{"line":76,"column":2},"end":{"line":78,"column":3}},{"start":{},"end":{}}]},"3":{"loc":{"start":{"line":108,"column":4},"end":{"line":113,"column":5}},"type":"if","locations":[{"start":{"line":108,"column":4},"end":{"line":113,"column":5}},{"start":{},"end":{}}]}},"s":{"0":0,"1":0,"2":0,"3":0,"4":0,"5":0,"6":0,"7":0,"8":0,"9":0,"10":0,"11":0,"12":0,"13":0,"14":0,"15":0,"16":0,"17":0,"18":0,"19":0,"20":0,"21":0,"22":0,"23":0,"24":0,"25":0,"26":0,"27":0,"28":0,"29":0,"30":0,"31":0,"32":0,"33":0,"34":0,"35":0,"36":0,"37":0,"38":0,"39":0,"40":0,"41":0,"42":0,"43":0},"f":{"0":0,"1":0,"2":0,"3":0,"4":0},"b":{"0":[0,0],"1":[0,0],"2":[0,0],"3":[0,0]}}
,"C:\\Users\\Frankie\\Desktop\\Development\\agile_group_work_backend\\src\\controller\\createTFController.ts": {"path":"C:\\Users\\Frankie\\Desktop\\Development\\agile_group_work_backend\\src\\controller\\createTFController.ts","statementMap":{"0":{"start":{"line":2,"column":0},"end":{"line":2,"column":39}},"1":{"start":{"line":3,"column":0},"end":{"line":3,"column":73}},"2":{"start":{"line":4,"column":0},"end":{"line":4,"column":34}},"3":{"start":{"line":17,"column":26},"end":{"line":294,"column":1}},"4":{"start":{"line":18,"column":2},"end":{"line":293,"column":3}},"5":{"start":{"line":19,"column":20},"end":{"line":19,"column":39}},"6":{"start":{"line":29,"column":8},"end":{"line":29,"column":16}},"7":{"start":{"line":32,"column":4},"end":{"line":38,"column":5}},"8":{"start":{"line":33,"column":6},"end":{"line":37,"column":9}},"9":{"start":{"line":41,"column":4},"end":{"line":47,"column":5}},"10":{"start":{"line":42,"column":6},"end":{"line":46,"column":9}},"11":{"start":{"line":50,"column":4},"end":{"line":56,"column":5}},"12":{"start":{"line":51,"column":6},"end":{"line":55,"column":9}},"13":{"start":{"line":59,"column":4},"end":{"line":65,"column":5}},"14":{"start":{"line":60,"column":6},"end":{"line":64,"column":9}},"15":{"start":{"line":68,"column":4},"end":{"line":77,"column":5}},"16":{"start":{"line":73,"column":6},"end":{"line":76,"column":9}},"17":{"start":{"line":80,"column":4},"end":{"line":219,"column":5}},"18":{"start":{"line":82,"column":6},"end":{"line":87,"column":7}},"19":{"start":{"line":83,"column":8},"end":{"line":86,"column":11}},"20":{"start":{"line":90,"column":20},"end":{"line":95,"column":8}},"21":{"start":{"line":97,"column":6},"end":{"line":102,"column":7}},"22":{"start":{"line":98,"column":8},"end":{"line":101,"column":11}},"23":{"start":{"line":105,"column":23},"end":{"line":106,"column":null}},"24":{"start":{"line":106,"column":20},"end":{"line":106,"column":48}},"25":{"start":{"line":108,"column":6},"end":{"line":113,"column":7}},"26":{"start":{"line":109,"column":8},"end":{"line":112,"column":11}},"27":{"start":{"line":116,"column":24},"end":{"line":116,"column":67}},"28":{"start":{"line":116,"column":54},"end":{"line":116,"column":66}},"29":{"start":{"line":117,"column":31},"end":{"line":118,"column":null}},"30":{"start":{"line":118,"column":8},"end":{"line":118,"column":30}},"31":{"start":{"line":121,"column":6},"end":{"line":127,"column":7}},"32":{"start":{"line":122,"column":8},"end":{"line":126,"column":11}},"33":{"start":{"line":129,"column":19},"end":{"line":203,"column":8}},"34":{"start":{"line":130,"column":21},"end":{"line":172,"column":10}},"35":{"start":{"line":174,"column":8},"end":{"line":200,"column":11}},"36":{"start":{"line":181,"column":18},"end":{"line":181,"column":51}},"37":{"start":{"line":202,"column":8},"end":{"line":202,"column":20}},"38":{"start":{"line":205,"column":17},"end":{"line":205,"column":24}},"39":{"start":{"line":207,"column":6},"end":{"line":209,"column":9}},"40":{"start":{"line":211,"column":6},"end":{"line":218,"column":9}},"41":{"start":{"line":222,"column":4},"end":{"line":286,"column":5}},"42":{"start":{"line":223,"column":6},"end":{"line":223,"column":33}},"43":{"start":{"line":226,"column":19},"end":{"line":273,"column":8}},"44":{"start":{"line":227,"column":21},"end":{"line":260,"column":10}},"45":{"start":{"line":262,"column":8},"end":{"line":270,"column":11}},"46":{"start":{"line":272,"column":8},"end":{"line":272,"column":20}},"47":{"start":{"line":275,"column":17},"end":{"line":275,"column":24}},"48":{"start":{"line":277,"column":6},"end":{"line":279,"column":9}},"49":{"start":{"line":281,"column":6},"end":{"line":285,"column":9}},"50":{"start":{"line":288,"column":4},"end":{"line":288,"column":43}},"51":{"start":{"line":289,"column":4},"end":{"line":292,"column":7}},"52":{"start":{"line":17,"column":13},"end":{"line":17,"column":26}},"53":{"start":{"line":297,"column":30},"end":{"line":379,"column":1}},"54":{"start":{"line":298,"column":2},"end":{"line":378,"column":3}},"55":{"start":{"line":299,"column":20},"end":{"line":299,"column":39}},"56":{"start":{"line":300,"column":24},"end":{"line":300,"column":32}},"57":{"start":{"line":301,"column":23},"end":{"line":301,"column":33}},"58":{"start":{"line":304,"column":4},"end":{"line":309,"column":5}},"59":{"start":{"line":305,"column":6},"end":{"line":308,"column":9}},"60":{"start":{"line":312,"column":4},"end":{"line":317,"column":5}},"61":{"start":{"line":313,"column":6},"end":{"line":316,"column":9}},"62":{"start":{"line":320,"column":4},"end":{"line":325,"column":5}},"63":{"start":{"line":321,"column":6},"end":{"line":324,"column":9}},"64":{"start":{"line":328,"column":17},"end":{"line":330,"column":6}},"65":{"start":{"line":332,"column":4},"end":{"line":337,"column":5}},"66":{"start":{"line":333,"column":6},"end":{"line":336,"column":9}},"67":{"start":{"line":340,"column":21},"end":{"line":365,"column":6}},"68":{"start":{"line":367,"column":4},"end":{"line":371,"column":7}},"69":{"start":{"line":373,"column":4},"end":{"line":373,"column":47}},"70":{"start":{"line":374,"column":4},"end":{"line":377,"column":7}},"71":{"start":{"line":297,"column":13},"end":{"line":297,"column":30}},"72":{"start":{"line":382,"column":26},"end":{"line":543,"column":1}},"73":{"start":{"line":383,"column":2},"end":{"line":542,"column":3}},"74":{"start":{"line":384,"column":18},"end":{"line":384,"column":34}},"75":{"start":{"line":385,"column":23},"end":{"line":385,"column":33}},"76":{"start":{"line":386,"column":64},"end":{"line":386,"column":72}},"77":{"start":{"line":389,"column":4},"end":{"line":394,"column":5}},"78":{"start":{"line":390,"column":6},"end":{"line":393,"column":9}},"79":{"start":{"line":397,"column":4},"end":{"line":403,"column":5}},"80":{"start":{"line":398,"column":6},"end":{"line":402,"column":9}},"81":{"start":{"line":406,"column":4},"end":{"line":411,"column":5}},"82":{"start":{"line":407,"column":6},"end":{"line":410,"column":9}},"83":{"start":{"line":413,"column":28},"end":{"line":413,"column":30}},"84":{"start":{"line":416,"column":4},"end":{"line":418,"column":5}},"85":{"start":{"line":417,"column":6},"end":{"line":417,"column":38}},"86":{"start":{"line":419,"column":4},"end":{"line":421,"column":5}},"87":{"start":{"line":420,"column":6},"end":{"line":420,"column":36}},"88":{"start":{"line":422,"column":4},"end":{"line":432,"column":5}},"89":{"start":{"line":424,"column":6},"end":{"line":430,"column":7}},"90":{"start":{"line":425,"column":8},"end":{"line":429,"column":11}},"91":{"start":{"line":431,"column":6},"end":{"line":431,"column":33}},"92":{"start":{"line":433,"column":4},"end":{"line":443,"column":5}},"93":{"start":{"line":435,"column":6},"end":{"line":441,"column":7}},"94":{"start":{"line":436,"column":8},"end":{"line":440,"column":11}},"95":{"start":{"line":442,"column":6},"end":{"line":442,"column":37}},"96":{"start":{"line":444,"column":4},"end":{"line":454,"column":5}},"97":{"start":{"line":445,"column":6},"end":{"line":450,"column":7}},"98":{"start":{"line":446,"column":8},"end":{"line":449,"column":11}},"99":{"start":{"line":451,"column":6},"end":{"line":453,"column":8}},"100":{"start":{"line":456,"column":4},"end":{"line":456,"column":33}},"101":{"start":{"line":459,"column":4},"end":{"line":464,"column":5}},"102":{"start":{"line":460,"column":6},"end":{"line":463,"column":9}},"103":{"start":{"line":466,"column":23},"end":{"line":501,"column":6}},"104":{"start":{"line":468,"column":25},"end":{"line":482,"column":8}},"105":{"start":{"line":484,"column":6},"end":{"line":498,"column":9}},"106":{"start":{"line":500,"column":6},"end":{"line":500,"column":24}},"107":{"start":{"line":503,"column":15},"end":{"line":503,"column":22}},"108":{"start":{"line":505,"column":4},"end":{"line":507,"column":7}},"109":{"start":{"line":510,"column":4},"end":{"line":514,"column":7}},"110":{"start":{"line":516,"column":4},"end":{"line":516,"column":47}},"111":{"start":{"line":518,"column":4},"end":{"line":541,"column":5}},"112":{"start":{"line":519,"column":26},"end":{"line":519,"column":51}},"113":{"start":{"line":522,"column":6},"end":{"line":527,"column":7}},"114":{"start":{"line":523,"column":8},"end":{"line":526,"column":11}},"115":{"start":{"line":530,"column":6},"end":{"line":535,"column":7}},"116":{"start":{"line":531,"column":8},"end":{"line":534,"column":11}},"117":{"start":{"line":537,"column":6},"end":{"line":540,"column":9}},"118":{"start":{"line":382,"column":13},"end":{"line":382,"column":26}},"119":{"start":{"line":546,"column":33},"end":{"line":635,"column":1}},"120":{"start":{"line":547,"column":2},"end":{"line":634,"column":3}},"121":{"start":{"line":548,"column":23},"end":{"line":548,"column":33}},"122":{"start":{"line":549,"column":36},"end":{"line":549,"column":44}},"123":{"start":{"line":552,"column":4},"end":{"line":557,"column":5}},"124":{"start":{"line":553,"column":6},"end":{"line":556,"column":9}},"125":{"start":{"line":560,"column":4},"end":{"line":566,"column":5}},"126":{"start":{"line":561,"column":6},"end":{"line":565,"column":9}},"127":{"start":{"line":569,"column":4},"end":{"line":574,"column":5}},"128":{"start":{"line":570,"column":6},"end":{"line":573,"column":9}},"129":{"start":{"line":576,"column":4},"end":{"line":583,"column":5}},"130":{"start":{"line":577,"column":6},"end":{"line":582,"column":7}},"131":{"start":{"line":578,"column":8},"end":{"line":581,"column":11}},"132":{"start":{"line":586,"column":23},"end":{"line":599,"column":6}},"133":{"start":{"line":602,"column":4},"end":{"line":606,"column":7}},"134":{"start":{"line":608,"column":4},"end":{"line":608,"column":47}},"135":{"start":{"line":610,"column":4},"end":{"line":633,"column":5}},"136":{"start":{"line":611,"column":26},"end":{"line":611,"column":51}},"137":{"start":{"line":614,"column":6},"end":{"line":619,"column":7}},"138":{"start":{"line":615,"column":8},"end":{"line":618,"column":11}},"139":{"start":{"line":622,"column":6},"end":{"line":627,"column":7}},"140":{"start":{"line":623,"column":8},"end":{"line":626,"column":11}},"141":{"start":{"line":629,"column":6},"end":{"line":632,"column":9}},"142":{"start":{"line":546,"column":13},"end":{"line":546,"column":33}},"143":{"start":{"line":638,"column":26},"end":{"line":701,"column":1}},"144":{"start":{"line":639,"column":16},"end":{"line":639,"column":32}},"145":{"start":{"line":640,"column":2},"end":{"line":700,"column":3}},"146":{"start":{"line":641,"column":23},"end":{"line":641,"column":33}},"147":{"start":{"line":644,"column":17},"end":{"line":646,"column":6}},"148":{"start":{"line":647,"column":4},"end":{"line":651,"column":5}},"149":{"start":{"line":648,"column":6},"end":{"line":650,"column":61}},"150":{"start":{"line":658,"column":4},"end":{"line":672,"column":5}},"151":{"start":{"line":659,"column":6},"end":{"line":664,"column":9}},"152":{"start":{"line":665,"column":6},"end":{"line":669,"column":7}},"153":{"start":{"line":666,"column":8},"end":{"line":668,"column":70}},"154":{"start":{"line":671,"column":6},"end":{"line":671,"column":44}},"155":{"start":{"line":675,"column":4},"end":{"line":688,"column":7}},"156":{"start":{"line":676,"column":6},"end":{"line":676,"column":73}},"157":{"start":{"line":677,"column":6},"end":{"line":687,"column":9}},"158":{"start":{"line":683,"column":14},"end":{"line":683,"column":79}},"159":{"start":{"line":690,"column":15},"end":{"line":690,"column":22}},"160":{"start":{"line":692,"column":4},"end":{"line":694,"column":7}},"161":{"start":{"line":696,"column":4},"end":{"line":696,"column":76}},"162":{"start":{"line":698,"column":4},"end":{"line":698,"column":47}},"163":{"start":{"line":699,"column":4},"end":{"line":699,"column":77}},"164":{"start":{"line":638,"column":13},"end":{"line":638,"column":26}},"165":{"start":{"line":703,"column":34},"end":{"line":767,"column":1}},"166":{"start":{"line":704,"column":2},"end":{"line":766,"column":3}},"167":{"start":{"line":705,"column":23},"end":{"line":705,"column":33}},"168":{"start":{"line":708,"column":4},"end":{"line":713,"column":5}},"169":{"start":{"line":709,"column":6},"end":{"line":712,"column":9}},"170":{"start":{"line":716,"column":17},"end":{"line":722,"column":6}},"171":{"start":{"line":724,"column":4},"end":{"line":729,"column":5}},"172":{"start":{"line":725,"column":6},"end":{"line":728,"column":9}},"173":{"start":{"line":732,"column":22},"end":{"line":752,"column":6}},"174":{"start":{"line":754,"column":4},"end":{"line":759,"column":7}},"175":{"start":{"line":761,"column":4},"end":{"line":761,"column":57}},"176":{"start":{"line":762,"column":4},"end":{"line":765,"column":7}},"177":{"start":{"line":703,"column":13},"end":{"line":703,"column":34}},"178":{"start":{"line":770,"column":32},"end":{"line":855,"column":1}},"179":{"start":{"line":771,"column":2},"end":{"line":854,"column":3}},"180":{"start":{"line":772,"column":24},"end":{"line":772,"column":34}},"181":{"start":{"line":773,"column":18},"end":{"line":773,"column":34}},"182":{"start":{"line":775,"column":18},"end":{"line":779,"column":6}},"183":{"start":{"line":781,"column":4},"end":{"line":786,"column":5}},"184":{"start":{"line":782,"column":6},"end":{"line":785,"column":9}},"185":{"start":{"line":788,"column":24},"end":{"line":793,"column":6}},"186":{"start":{"line":795,"column":4},"end":{"line":800,"column":5}},"187":{"start":{"line":796,"column":6},"end":{"line":799,"column":9}},"188":{"start":{"line":802,"column":18},"end":{"line":827,"column":6}},"189":{"start":{"line":829,"column":27},"end":{"line":841,"column":7}},"190":{"start":{"line":829,"column":48},"end":{"line":841,"column":6}},"191":{"start":{"line":843,"column":4},"end":{"line":847,"column":7}},"192":{"start":{"line":849,"column":4},"end":{"line":849,"column":49}},"193":{"start":{"line":850,"column":4},"end":{"line":853,"column":7}},"194":{"start":{"line":770,"column":13},"end":{"line":770,"column":32}},"195":{"start":{"line":858,"column":26},"end":{"line":918,"column":1}},"196":{"start":{"line":859,"column":2},"end":{"line":917,"column":3}},"197":{"start":{"line":860,"column":18},"end":{"line":860,"column":34}},"198":{"start":{"line":861,"column":18},"end":{"line":890,"column":6}},"199":{"start":{"line":892,"column":27},"end":{"line":904,"column":7}},"200":{"start":{"line":892,"column":48},"end":{"line":904,"column":6}},"201":{"start":{"line":906,"column":4},"end":{"line":910,"column":7}},"202":{"start":{"line":912,"column":4},"end":{"line":912,"column":49}},"203":{"start":{"line":913,"column":4},"end":{"line":916,"column":7}},"204":{"start":{"line":858,"column":13},"end":{"line":858,"column":26}},"205":{"start":{"line":921,"column":27},"end":{"line":992,"column":1}},"206":{"start":{"line":922,"column":2},"end":{"line":991,"column":3}},"207":{"start":{"line":923,"column":23},"end":{"line":923,"column":33}},"208":{"start":{"line":925,"column":4},"end":{"line":930,"column":5}},"209":{"start":{"line":926,"column":6},"end":{"line":929,"column":9}},"210":{"start":{"line":932,"column":17},"end":{"line":972,"column":6}},"211":{"start":{"line":974,"column":4},"end":{"line":979,"column":5}},"212":{"start":{"line":975,"column":6},"end":{"line":978,"column":9}},"213":{"start":{"line":981,"column":4},"end":{"line":984,"column":7}},"214":{"start":{"line":986,"column":4},"end":{"line":986,"column":50}},"215":{"start":{"line":987,"column":4},"end":{"line":990,"column":7}},"216":{"start":{"line":921,"column":13},"end":{"line":921,"column":27}}},"fnMap":{"0":{"name":"(anonymous_0)","decl":{"start":{"line":17,"column":26},"end":{"line":17,"column":31}},"loc":{"start":{"line":17,"column":64},"end":{"line":294,"column":1}}},"1":{"name":"(anonymous_1)","decl":{"start":{"line":106,"column":8},"end":{"line":106,"column":9}},"loc":{"start":{"line":106,"column":20},"end":{"line":106,"column":48}}},"2":{"name":"(anonymous_2)","decl":{"start":{"line":116,"column":47},"end":{"line":116,"column":48}},"loc":{"start":{"line":116,"column":54},"end":{"line":116,"column":66}}},"3":{"name":"(anonymous_3)","decl":{"start":{"line":117,"column":50},"end":{"line":117,"column":51}},"loc":{"start":{"line":118,"column":8},"end":{"line":118,"column":30}}},"4":{"name":"(anonymous_4)","decl":{"start":{"line":129,"column":45},"end":{"line":129,"column":50}},"loc":{"start":{"line":129,"column":67},"end":{"line":203,"column":7}}},"5":{"name":"(anonymous_5)","decl":{"start":{"line":180,"column":48},"end":{"line":180,"column":49}},"loc":{"start":{"line":180,"column":59},"end":{"line":182,"column":17}}},"6":{"name":"(anonymous_6)","decl":{"start":{"line":226,"column":45},"end":{"line":226,"column":50}},"loc":{"start":{"line":226,"column":67},"end":{"line":273,"column":7}}},"7":{"name":"(anonymous_7)","decl":{"start":{"line":297,"column":30},"end":{"line":297,"column":35}},"loc":{"start":{"line":297,"column":68},"end":{"line":379,"column":1}}},"8":{"name":"(anonymous_8)","decl":{"start":{"line":382,"column":26},"end":{"line":382,"column":31}},"loc":{"start":{"line":382,"column":64},"end":{"line":543,"column":1}}},"9":{"name":"(anonymous_9)","decl":{"start":{"line":466,"column":49},"end":{"line":466,"column":54}},"loc":{"start":{"line":466,"column":70},"end":{"line":501,"column":5}}},"10":{"name":"(anonymous_10)","decl":{"start":{"line":546,"column":33},"end":{"line":546,"column":38}},"loc":{"start":{"line":546,"column":71},"end":{"line":635,"column":1}}},"11":{"name":"(anonymous_11)","decl":{"start":{"line":638,"column":26},"end":{"line":638,"column":31}},"loc":{"start":{"line":638,"column":64},"end":{"line":701,"column":1}}},"12":{"name":"(anonymous_12)","decl":{"start":{"line":675,"column":30},"end":{"line":675,"column":35}},"loc":{"start":{"line":675,"column":52},"end":{"line":688,"column":5}}},"13":{"name":"(anonymous_13)","decl":{"start":{"line":682,"column":49},"end":{"line":682,"column":50}},"loc":{"start":{"line":682,"column":60},"end":{"line":684,"column":13}}},"14":{"name":"(anonymous_14)","decl":{"start":{"line":703,"column":34},"end":{"line":703,"column":39}},"loc":{"start":{"line":703,"column":72},"end":{"line":767,"column":1}}},"15":{"name":"(anonymous_15)","decl":{"start":{"line":770,"column":32},"end":{"line":770,"column":37}},"loc":{"start":{"line":770,"column":70},"end":{"line":855,"column":1}}},"16":{"name":"(anonymous_16)","decl":{"start":{"line":829,"column":37},"end":{"line":829,"column":38}},"loc":{"start":{"line":829,"column":48},"end":{"line":841,"column":6}}},"17":{"name":"(anonymous_17)","decl":{"start":{"line":858,"column":26},"end":{"line":858,"column":31}},"loc":{"start":{"line":858,"column":64},"end":{"line":918,"column":1}}},"18":{"name":"(anonymous_18)","decl":{"start":{"line":892,"column":37},"end":{"line":892,"column":38}},"loc":{"start":{"line":892,"column":48},"end":{"line":904,"column":6}}},"19":{"name":"(anonymous_19)","decl":{"start":{"line":921,"column":27},"end":{"line":921,"column":32}},"loc":{"start":{"line":921,"column":65},"end":{"line":992,"column":1}}}},"branchMap":{"0":{"loc":{"start":{"line":32,"column":4},"end":{"line":38,"column":5}},"type":"if","locations":[{"start":{"line":32,"column":4},"end":{"line":38,"column":5}},{"start":{},"end":{}}]},"1":{"loc":{"start":{"line":32,"column":8},"end":{"line":32,"column":47}},"type":"binary-expr","locations":[{"start":{"line":32,"column":8},"end":{"line":32,"column":14}},{"start":{"line":32,"column":18},"end":{"line":32,"column":23}},{"start":{"line":32,"column":27},"end":{"line":32,"column":34}},{"start":{"line":32,"column":38},"end":{"line":32,"column":47}}]},"2":{"loc":{"start":{"line":41,"column":4},"end":{"line":47,"column":5}},"type":"if","locations":[{"start":{"line":41,"column":4},"end":{"line":47,"column":5}},{"start":{},"end":{}}]},"3":{"loc":{"start":{"line":50,"column":4},"end":{"line":56,"column":5}},"type":"if","locations":[{"start":{"line":50,"column":4},"end":{"line":56,"column":5}},{"start":{},"end":{}}]},"4":{"loc":{"start":{"line":59,"column":4},"end":{"line":65,"column":5}},"type":"if","locations":[{"start":{"line":59,"column":4},"end":{"line":65,"column":5}},{"start":{},"end":{}}]},"5":{"loc":{"start":{"line":68,"column":4},"end":{"line":77,"column":5}},"type":"if","locations":[{"start":{"line":68,"column":4},"end":{"line":77,"column":5}},{"start":{},"end":{}}]},"6":{"loc":{"start":{"line":69,"column":6},"end":{"line":71,"column":30}},"type":"binary-expr","locations":[{"start":{"line":69,"column":6},"end":{"line":69,"column":18}},{"start":{"line":70,"column":6},"end":{"line":70,"column":33}},{"start":{"line":71,"column":6},"end":{"line":71,"column":30}}]},"7":{"loc":{"start":{"line":80,"column":4},"end":{"line":219,"column":5}},"type":"if","locations":[{"start":{"line":80,"column":4},"end":{"line":219,"column":5}},{"start":{},"end":{}}]},"8":{"loc":{"start":{"line":82,"column":6},"end":{"line":87,"column":7}},"type":"if","locations":[{"start":{"line":82,"column":6},"end":{"line":87,"column":7}},{"start":{},"end":{}}]},"9":{"loc":{"start":{"line":97,"column":6},"end":{"line":102,"column":7}},"type":"if","locations":[{"start":{"line":97,"column":6},"end":{"line":102,"column":7}},{"start":{},"end":{}}]},"10":{"loc":{"start":{"line":108,"column":6},"end":{"line":113,"column":7}},"type":"if","locations":[{"start":{"line":108,"column":6},"end":{"line":113,"column":7}},{"start":{},"end":{}}]},"11":{"loc":{"start":{"line":121,"column":6},"end":{"line":127,"column":7}},"type":"if","locations":[{"start":{"line":121,"column":6},"end":{"line":127,"column":7}},{"start":{},"end":{}}]},"12":{"loc":{"start":{"line":222,"column":4},"end":{"line":286,"column":5}},"type":"if","locations":[{"start":{"line":222,"column":4},"end":{"line":286,"column":5}},{"start":{},"end":{}}]},"13":{"loc":{"start":{"line":304,"column":4},"end":{"line":309,"column":5}},"type":"if","locations":[{"start":{"line":304,"column":4},"end":{"line":309,"column":5}},{"start":{},"end":{}}]},"14":{"loc":{"start":{"line":312,"column":4},"end":{"line":317,"column":5}},"type":"if","locations":[{"start":{"line":312,"column":4},"end":{"line":317,"column":5}},{"start":{},"end":{}}]},"15":{"loc":{"start":{"line":320,"column":4},"end":{"line":325,"column":5}},"type":"if","locations":[{"start":{"line":320,"column":4},"end":{"line":325,"column":5}},{"start":{},"end":{}}]},"16":{"loc":{"start":{"line":320,"column":8},"end":{"line":320,"column":35}},"type":"binary-expr","locations":[{"start":{"line":320,"column":8},"end":{"line":320,"column":16}},{"start":{"line":320,"column":20},"end":{"line":320,"column":35}}]},"17":{"loc":{"start":{"line":332,"column":4},"end":{"line":337,"column":5}},"type":"if","locations":[{"start":{"line":332,"column":4},"end":{"line":337,"column":5}},{"start":{},"end":{}}]},"18":{"loc":{"start":{"line":389,"column":4},"end":{"line":394,"column":5}},"type":"if","locations":[{"start":{"line":389,"column":4},"end":{"line":394,"column":5}},{"start":{},"end":{}}]},"19":{"loc":{"start":{"line":397,"column":4},"end":{"line":403,"column":5}},"type":"if","locations":[{"start":{"line":397,"column":4},"end":{"line":403,"column":5}},{"start":{},"end":{}}]},"20":{"loc":{"start":{"line":406,"column":4},"end":{"line":411,"column":5}},"type":"if","locations":[{"start":{"line":406,"column":4},"end":{"line":411,"column":5}},{"start":{},"end":{}}]},"21":{"loc":{"start":{"line":416,"column":4},"end":{"line":418,"column":5}},"type":"if","locations":[{"start":{"line":416,"column":4},"end":{"line":418,"column":5}},{"start":{},"end":{}}]},"22":{"loc":{"start":{"line":419,"column":4},"end":{"line":421,"column":5}},"type":"if","locations":[{"start":{"line":419,"column":4},"end":{"line":421,"column":5}},{"start":{},"end":{}}]},"23":{"loc":{"start":{"line":422,"column":4},"end":{"line":432,"column":5}},"type":"if","locations":[{"start":{"line":422,"column":4},"end":{"line":432,"column":5}},{"start":{},"end":{}}]},"24":{"loc":{"start":{"line":424,"column":6},"end":{"line":430,"column":7}},"type":"if","locations":[{"start":{"line":424,"column":6},"end":{"line":430,"column":7}},{"start":{},"end":{}}]},"25":{"loc":{"start":{"line":433,"column":4},"end":{"line":443,"column":5}},"type":"if","locations":[{"start":{"line":433,"column":4},"end":{"line":443,"column":5}},{"start":{},"end":{}}]},"26":{"loc":{"start":{"line":435,"column":6},"end":{"line":441,"column":7}},"type":"if","locations":[{"start":{"line":435,"column":6},"end":{"line":441,"column":7}},{"start":{},"end":{}}]},"27":{"loc":{"start":{"line":444,"column":4},"end":{"line":454,"column":5}},"type":"if","locations":[{"start":{"line":444,"column":4},"end":{"line":454,"column":5}},{"start":{},"end":{}}]},"28":{"loc":{"start":{"line":445,"column":6},"end":{"line":450,"column":7}},"type":"if","locations":[{"start":{"line":445,"column":6},"end":{"line":450,"column":7}},{"start":{},"end":{}}]},"29":{"loc":{"start":{"line":459,"column":4},"end":{"line":464,"column":5}},"type":"if","locations":[{"start":{"line":459,"column":4},"end":{"line":464,"column":5}},{"start":{},"end":{}}]},"30":{"loc":{"start":{"line":518,"column":4},"end":{"line":541,"column":5}},"type":"if","locations":[{"start":{"line":518,"column":4},"end":{"line":541,"column":5}},{"start":{},"end":{}}]},"31":{"loc":{"start":{"line":518,"column":8},"end":{"line":518,"column":61}},"type":"binary-expr","locations":[{"start":{"line":518,"column":8},"end":{"line":518,"column":13}},{"start":{"line":518,"column":17},"end":{"line":518,"column":42}},{"start":{"line":518,"column":46},"end":{"line":518,"column":61}}]},"32":{"loc":{"start":{"line":522,"column":6},"end":{"line":527,"column":7}},"type":"if","locations":[{"start":{"line":522,"column":6},"end":{"line":527,"column":7}},{"start":{},"end":{}}]},"33":{"loc":{"start":{"line":530,"column":6},"end":{"line":535,"column":7}},"type":"if","locations":[{"start":{"line":530,"column":6},"end":{"line":535,"column":7}},{"start":{},"end":{}}]},"34":{"loc":{"start":{"line":552,"column":4},"end":{"line":557,"column":5}},"type":"if","locations":[{"start":{"line":552,"column":4},"end":{"line":557,"column":5}},{"start":{},"end":{}}]},"35":{"loc":{"start":{"line":560,"column":4},"end":{"line":566,"column":5}},"type":"if","locations":[{"start":{"line":560,"column":4},"end":{"line":566,"column":5}},{"start":{},"end":{}}]},"36":{"loc":{"start":{"line":569,"column":4},"end":{"line":574,"column":5}},"type":"if","locations":[{"start":{"line":569,"column":4},"end":{"line":574,"column":5}},{"start":{},"end":{}}]},"37":{"loc":{"start":{"line":576,"column":4},"end":{"line":583,"column":5}},"type":"if","locations":[{"start":{"line":576,"column":4},"end":{"line":583,"column":5}},{"start":{},"end":{}}]},"38":{"loc":{"start":{"line":577,"column":6},"end":{"line":582,"column":7}},"type":"if","locations":[{"start":{"line":577,"column":6},"end":{"line":582,"column":7}},{"start":{},"end":{}}]},"39":{"loc":{"start":{"line":610,"column":4},"end":{"line":633,"column":5}},"type":"if","locations":[{"start":{"line":610,"column":4},"end":{"line":633,"column":5}},{"start":{},"end":{}}]},"40":{"loc":{"start":{"line":610,"column":8},"end":{"line":610,"column":61}},"type":"binary-expr","locations":[{"start":{"line":610,"column":8},"end":{"line":610,"column":13}},{"start":{"line":610,"column":17},"end":{"line":610,"column":42}},{"start":{"line":610,"column":46},"end":{"line":610,"column":61}}]},"41":{"loc":{"start":{"line":614,"column":6},"end":{"line":619,"column":7}},"type":"if","locations":[{"start":{"line":614,"column":6},"end":{"line":619,"column":7}},{"start":{},"end":{}}]},"42":{"loc":{"start":{"line":622,"column":6},"end":{"line":627,"column":7}},"type":"if","locations":[{"start":{"line":622,"column":6},"end":{"line":627,"column":7}},{"start":{},"end":{}}]},"43":{"loc":{"start":{"line":647,"column":4},"end":{"line":651,"column":5}},"type":"if","locations":[{"start":{"line":647,"column":4},"end":{"line":651,"column":5}},{"start":{},"end":{}}]},"44":{"loc":{"start":{"line":658,"column":4},"end":{"line":672,"column":5}},"type":"if","locations":[{"start":{"line":658,"column":4},"end":{"line":672,"column":5}},{"start":{"line":670,"column":11},"end":{"line":672,"column":5}}]},"45":{"loc":{"start":{"line":665,"column":6},"end":{"line":669,"column":7}},"type":"if","locations":[{"start":{"line":665,"column":6},"end":{"line":669,"column":7}},{"start":{},"end":{}}]},"46":{"loc":{"start":{"line":683,"column":27},"end":{"line":683,"column":76}},"type":"cond-expr","locations":[{"start":{"line":683,"column":47},"end":{"line":683,"column":64}},{"start":{"line":683,"column":67},"end":{"line":683,"column":76}}]},"47":{"loc":{"start":{"line":708,"column":4},"end":{"line":713,"column":5}},"type":"if","locations":[{"start":{"line":708,"column":4},"end":{"line":713,"column":5}},{"start":{},"end":{}}]},"48":{"loc":{"start":{"line":724,"column":4},"end":{"line":729,"column":5}},"type":"if","locations":[{"start":{"line":724,"column":4},"end":{"line":729,"column":5}},{"start":{},"end":{}}]},"49":{"loc":{"start":{"line":781,"column":4},"end":{"line":786,"column":5}},"type":"if","locations":[{"start":{"line":781,"column":4},"end":{"line":786,"column":5}},{"start":{},"end":{}}]},"50":{"loc":{"start":{"line":795,"column":4},"end":{"line":800,"column":5}},"type":"if","locations":[{"start":{"line":795,"column":4},"end":{"line":800,"column":5}},{"start":{},"end":{}}]},"51":{"loc":{"start":{"line":925,"column":4},"end":{"line":930,"column":5}},"type":"if","locations":[{"start":{"line":925,"column":4},"end":{"line":930,"column":5}},{"start":{},"end":{}}]},"52":{"loc":{"start":{"line":974,"column":4},"end":{"line":979,"column":5}},"type":"if","locations":[{"start":{"line":974,"column":4},"end":{"line":979,"column":5}},{"start":{},"end":{}}]}},"s":{"0":0,"1":0,"2":0,"3":0,"4":0,"5":0,"6":0,"7":0,"8":0,"9":0,"10":0,"11":0,"12":0,"13":0,"14":0,"15":0,"16":0,"17":0,"18":0,"19":0,"20":0,"21":0,"22":0,"23":0,"24":0,"25":0,"26":0,"27":0,"28":0,"29":0,"30":0,"31":0,"32":0,"33":0,"34":0,"35":0,"36":0,"37":0,"38":0,"39":0,"40":0,"41":0,"42":0,"43":0,"44":0,"45":0,"46":0,"47":0,"48":0,"49":0,"50":0,"51":0,"52":0,"53":0,"54":0,"55":0,"56":0,"57":0,"58":0,"59":0,"60":0,"61":0,"62":0,"63":0,"64":0,"65":0,"66":0,"67":0,"68":0,"69":0,"70":0,"71":0,"72":0,"73":0,"74":0,"75":0,"76":0,"77":0,"78":0,"79":0,"80":0,"81":0,"82":0,"83":0,"84":0,"85":0,"86":0,"87":0,"88":0,"89":0,"90":0,"91":0,"92":0,"93":0,"94":0,"95":0,"96":0,"97":0,"98":0,"99":0,"100":0,"101":0,"102":0,"103":0,"104":0,"105":0,"106":0,"107":0,"108":0,"109":0,"110":0,"111":0,"112":0,"113":0,"114":0,"115":0,"116":0,"117":0,"118":0,"119":0,"120":0,"121":0,"122":0,"123":0,"124":0,"125":0,"126":0,"127":0,"128":0,"129":0,"130":0,"131":0,"132":0,"133":0,"134":0,"135":0,"136":0,"137":0,"138":0,"139":0,"140":0,"141":0,"142":0,"143":0,"144":0,"145":0,"146":0,"147":0,"148":0,"149":0,"150":0,"151":0,"152":0,"153":0,"154":0,"155":0,"156":0,"157":0,"158":0,"159":0,"160":0,"161":0,"162":0,"163":0,"164":0,"165":0,"166":0,"167":0,"168":0,"169":0,"170":0,"171":0,"172":0,"173":0,"174":0,"175":0,"176":0,"177":0,"178":0,"179":0,"180":0,"181":0,"182":0,"183":0,"184":0,"185":0,"186":0,"187":0,"188":0,"189":0,"190":0,"191":0,"192":0,"193":0,"194":0,"195":0,"196":0,"197":0,"198":0,"199":0,"200":0,"201":0,"202":0,"203":0,"204":0,"205":0,"206":0,"207":0,"208":0,"209":0,"210":0,"211":0,"212":0,"213":0,"214":0,"215":0,"216":0},"f":{"0":0,"1":0,"2":0,"3":0,"4":0,"5":0,"6":0,"7":0,"8":0,"9":0,"10":0,"11":0,"12":0,"13":0,"14":0,"15":0,"16":0,"17":0,"18":0,"19":0},"b":{"0":[0,0],"1":[0,0,0,0],"2":[0,0],"3":[0,0],"4":[0,0],"5":[0,0],"6":[0,0,0],"7":[0,0],"8":[0,0],"9":[0,0],"10":[0,0],"11":[0,0],"12":[0,0],"13":[0,0],"14":[0,0],"15":[0,0],"16":[0,0],"17":[0,0],"18":[0,0],"19":[0,0],"20":[0,0],"21":[0,0],"22":[0,0],"23":[0,0],"24":[0,0],"25":[0,0],"26":[0,0],"27":[0,0],"28":[0,0],"29":[0,0],"30":[0,0],"31":[0,0,0],"32":[0,0],"33":[0,0],"34":[0,0],"35":[0,0],"36":[0,0],"37":[0,0],"38":[0,0],"39":[0,0],"40":[0,0,0],"41":[0,0],"42":[0,0],"43":[0,0],"44":[0,0],"45":[0,0],"46":[0,0],"47":[0,0],"48":[0,0],"49":[0,0],"50":[0,0],"51":[0,0],"52":[0,0]}}
,"C:\\Users\\Frankie\\Desktop\\Development\\agile_group_work_backend\\src\\controller\\groupController.ts": {"path":"C:\\Users\\Frankie\\Desktop\\Development\\agile_group_work_backend\\src\\controller\\groupController.ts","statementMap":{"0":{"start":{"line":2,"column":0},"end":{"line":2,"column":39}},"1":{"start":{"line":3,"column":0},"end":{"line":3,"column":50}},"2":{"start":{"line":4,"column":0},"end":{"line":4,"column":45}},"3":{"start":{"line":5,"column":0},"end":{"line":5,"column":34}},"4":{"start":{"line":31,"column":28},"end":{"line":48,"column":1}},"5":{"start":{"line":36,"column":16},"end":{"line":38,"column":4}},"6":{"start":{"line":39,"column":2},"end":{"line":42,"column":3}},"7":{"start":{"line":40,"column":4},"end":{"line":40,"column":71}},"8":{"start":{"line":41,"column":4},"end":{"line":41,"column":16}},"9":{"start":{"line":43,"column":2},"end":{"line":46,"column":3}},"10":{"start":{"line":44,"column":4},"end":{"line":44,"column":66}},"11":{"start":{"line":45,"column":4},"end":{"line":45,"column":16}},"12":{"start":{"line":47,"column":2},"end":{"line":47,"column":15}},"13":{"start":{"line":51,"column":23},"end":{"line":58,"column":1}},"14":{"start":{"line":52,"column":18},"end":{"line":55,"column":4}},"15":{"start":{"line":57,"column":2},"end":{"line":57,"column":54}},"16":{"start":{"line":60,"column":25},"end":{"line":62,"column":1}},"17":{"start":{"line":61,"column":2},"end":{"line":61,"column":52}},"18":{"start":{"line":61,"column":33},"end":{"line":61,"column":50}},"19":{"start":{"line":65,"column":24},"end":{"line":76,"column":1}},"20":{"start":{"line":66,"column":18},"end":{"line":73,"column":4}},"21":{"start":{"line":75,"column":2},"end":{"line":75,"column":17}},"22":{"start":{"line":79,"column":31},"end":{"line":135,"column":1}},"23":{"start":{"line":80,"column":2},"end":{"line":134,"column":3}},"24":{"start":{"line":81,"column":24},"end":{"line":81,"column":34}},"25":{"start":{"line":83,"column":18},"end":{"line":110,"column":6}},"26":{"start":{"line":112,"column":4},"end":{"line":117,"column":5}},"27":{"start":{"line":114,"column":6},"end":{"line":116,"column":63}},"28":{"start":{"line":119,"column":20},"end":{"line":119,"column":62}},"29":{"start":{"line":119,"column":51},"end":{"line":119,"column":61}},"30":{"start":{"line":121,"column":4},"end":{"line":130,"column":7}},"31":{"start":{"line":132,"column":4},"end":{"line":132,"column":51}},"32":{"start":{"line":133,"column":4},"end":{"line":133,"column":77}},"33":{"start":{"line":79,"column":13},"end":{"line":79,"column":31}},"34":{"start":{"line":138,"column":31},"end":{"line":204,"column":1}},"35":{"start":{"line":139,"column":16},"end":{"line":139,"column":32}},"36":{"start":{"line":140,"column":2},"end":{"line":203,"column":3}},"37":{"start":{"line":141,"column":24},"end":{"line":141,"column":34}},"38":{"start":{"line":142,"column":21},"end":{"line":142,"column":29}},"39":{"start":{"line":144,"column":4},"end":{"line":148,"column":5}},"40":{"start":{"line":145,"column":6},"end":{"line":147,"column":63}},"41":{"start":{"line":150,"column":18},"end":{"line":152,"column":6}},"42":{"start":{"line":154,"column":4},"end":{"line":158,"column":5}},"43":{"start":{"line":155,"column":6},"end":{"line":157,"column":63}},"44":{"start":{"line":159,"column":4},"end":{"line":163,"column":5}},"45":{"start":{"line":160,"column":6},"end":{"line":162,"column":69}},"46":{"start":{"line":165,"column":20},"end":{"line":191,"column":6}},"47":{"start":{"line":166,"column":22},"end":{"line":170,"column":8}},"48":{"start":{"line":172,"column":22},"end":{"line":172,"column":62}},"49":{"start":{"line":174,"column":6},"end":{"line":189,"column":9}},"50":{"start":{"line":185,"column":14},"end":{"line":185,"column":31}},"51":{"start":{"line":190,"column":6},"end":{"line":190,"column":21}},"52":{"start":{"line":193,"column":15},"end":{"line":193,"column":22}},"53":{"start":{"line":195,"column":4},"end":{"line":197,"column":7}},"54":{"start":{"line":199,"column":4},"end":{"line":199,"column":66}},"55":{"start":{"line":201,"column":4},"end":{"line":201,"column":51}},"56":{"start":{"line":202,"column":4},"end":{"line":202,"column":77}},"57":{"start":{"line":138,"column":13},"end":{"line":138,"column":31}},"58":{"start":{"line":207,"column":32},"end":{"line":299,"column":1}},"59":{"start":{"line":208,"column":16},"end":{"line":208,"column":32}},"60":{"start":{"line":209,"column":2},"end":{"line":298,"column":3}},"61":{"start":{"line":210,"column":24},"end":{"line":210,"column":34}},"62":{"start":{"line":211,"column":26},"end":{"line":211,"column":34}},"63":{"start":{"line":213,"column":4},"end":{"line":217,"column":5}},"64":{"start":{"line":214,"column":6},"end":{"line":216,"column":68}},"65":{"start":{"line":219,"column":18},"end":{"line":219,"column":66}},"66":{"start":{"line":220,"column":4},"end":{"line":220,"column":23}},"67":{"start":{"line":220,"column":16},"end":{"line":220,"column":23}},"68":{"start":{"line":222,"column":20},"end":{"line":224,"column":6}},"69":{"start":{"line":226,"column":4},"end":{"line":230,"column":5}},"70":{"start":{"line":227,"column":6},"end":{"line":229,"column":65}},"71":{"start":{"line":232,"column":21},"end":{"line":234,"column":6}},"72":{"start":{"line":236,"column":4},"end":{"line":240,"column":5}},"73":{"start":{"line":237,"column":6},"end":{"line":239,"column":74}},"74":{"start":{"line":242,"column":4},"end":{"line":284,"column":7}},"75":{"start":{"line":243,"column":6},"end":{"line":249,"column":9}},"76":{"start":{"line":251,"column":22},"end":{"line":251,"column":62}},"77":{"start":{"line":253,"column":6},"end":{"line":283,"column":9}},"78":{"start":{"line":264,"column":61},"end":{"line":264,"column":70}},"79":{"start":{"line":286,"column":15},"end":{"line":286,"column":22}},"80":{"start":{"line":288,"column":4},"end":{"line":290,"column":7}},"81":{"start":{"line":292,"column":4},"end":{"line":294,"column":70}},"82":{"start":{"line":296,"column":4},"end":{"line":296,"column":52}},"83":{"start":{"line":297,"column":4},"end":{"line":297,"column":77}},"84":{"start":{"line":207,"column":13},"end":{"line":207,"column":32}},"85":{"start":{"line":302,"column":37},"end":{"line":368,"column":1}},"86":{"start":{"line":303,"column":16},"end":{"line":303,"column":32}},"87":{"start":{"line":304,"column":2},"end":{"line":367,"column":3}},"88":{"start":{"line":305,"column":35},"end":{"line":305,"column":45}},"89":{"start":{"line":306,"column":18},"end":{"line":306,"column":66}},"90":{"start":{"line":307,"column":4},"end":{"line":307,"column":23}},"91":{"start":{"line":307,"column":16},"end":{"line":307,"column":23}},"92":{"start":{"line":309,"column":4},"end":{"line":313,"column":5}},"93":{"start":{"line":310,"column":6},"end":{"line":312,"column":66}},"94":{"start":{"line":315,"column":23},"end":{"line":317,"column":6}},"95":{"start":{"line":319,"column":4},"end":{"line":323,"column":5}},"96":{"start":{"line":320,"column":6},"end":{"line":322,"column":68}},"97":{"start":{"line":325,"column":4},"end":{"line":353,"column":7}},"98":{"start":{"line":326,"column":6},"end":{"line":326,"column":78}},"99":{"start":{"line":328,"column":30},"end":{"line":331,"column":8}},"100":{"start":{"line":333,"column":6},"end":{"line":352,"column":9}},"101":{"start":{"line":339,"column":61},"end":{"line":339,"column":70}},"102":{"start":{"line":355,"column":15},"end":{"line":355,"column":22}},"103":{"start":{"line":357,"column":4},"end":{"line":359,"column":7}},"104":{"start":{"line":361,"column":4},"end":{"line":363,"column":72}},"105":{"start":{"line":365,"column":4},"end":{"line":365,"column":57}},"106":{"start":{"line":366,"column":4},"end":{"line":366,"column":77}},"107":{"start":{"line":302,"column":13},"end":{"line":302,"column":37}},"108":{"start":{"line":371,"column":27},"end":{"line":405,"column":1}},"109":{"start":{"line":372,"column":16},"end":{"line":372,"column":32}},"110":{"start":{"line":373,"column":2},"end":{"line":404,"column":3}},"111":{"start":{"line":374,"column":24},"end":{"line":374,"column":34}},"112":{"start":{"line":375,"column":18},"end":{"line":375,"column":66}},"113":{"start":{"line":376,"column":4},"end":{"line":376,"column":23}},"114":{"start":{"line":376,"column":16},"end":{"line":376,"column":23}},"115":{"start":{"line":378,"column":4},"end":{"line":390,"column":7}},"116":{"start":{"line":379,"column":22},"end":{"line":379,"column":62}},"117":{"start":{"line":380,"column":6},"end":{"line":380,"column":75}},"118":{"start":{"line":381,"column":6},"end":{"line":389,"column":9}},"119":{"start":{"line":385,"column":59},"end":{"line":385,"column":68}},"120":{"start":{"line":392,"column":15},"end":{"line":392,"column":22}},"121":{"start":{"line":394,"column":4},"end":{"line":396,"column":7}},"122":{"start":{"line":398,"column":4},"end":{"line":400,"column":71}},"123":{"start":{"line":402,"column":4},"end":{"line":402,"column":47}},"124":{"start":{"line":403,"column":4},"end":{"line":403,"column":77}},"125":{"start":{"line":371,"column":13},"end":{"line":371,"column":27}},"126":{"start":{"line":409,"column":28},"end":{"line":453,"column":1}},"127":{"start":{"line":410,"column":16},"end":{"line":410,"column":32}},"128":{"start":{"line":411,"column":2},"end":{"line":452,"column":3}},"129":{"start":{"line":412,"column":19},"end":{"line":434,"column":6}},"130":{"start":{"line":436,"column":28},"end":{"line":442,"column":7}},"131":{"start":{"line":436,"column":51},"end":{"line":442,"column":6}},"132":{"start":{"line":444,"column":4},"end":{"line":448,"column":7}},"133":{"start":{"line":450,"column":4},"end":{"line":450,"column":48}},"134":{"start":{"line":451,"column":4},"end":{"line":451,"column":77}},"135":{"start":{"line":409,"column":13},"end":{"line":409,"column":28}},"136":{"start":{"line":457,"column":27},"end":{"line":552,"column":1}},"137":{"start":{"line":459,"column":2},"end":{"line":551,"column":3}},"138":{"start":{"line":460,"column":25},"end":{"line":460,"column":33}},"139":{"start":{"line":463,"column":4},"end":{"line":467,"column":5}},"140":{"start":{"line":464,"column":6},"end":{"line":466,"column":69}},"141":{"start":{"line":469,"column":4},"end":{"line":474,"column":5}},"142":{"start":{"line":470,"column":6},"end":{"line":473,"column":9}},"143":{"start":{"line":477,"column":20},"end":{"line":479,"column":6}},"144":{"start":{"line":481,"column":4},"end":{"line":486,"column":5}},"145":{"start":{"line":482,"column":6},"end":{"line":485,"column":9}},"146":{"start":{"line":489,"column":26},"end":{"line":493,"column":6}},"147":{"start":{"line":495,"column":4},"end":{"line":500,"column":5}},"148":{"start":{"line":496,"column":6},"end":{"line":499,"column":9}},"149":{"start":{"line":503,"column":18},"end":{"line":530,"column":6}},"150":{"start":{"line":504,"column":23},"end":{"line":509,"column":8}},"151":{"start":{"line":511,"column":6},"end":{"line":517,"column":9}},"152":{"start":{"line":519,"column":6},"end":{"line":527,"column":9}},"153":{"start":{"line":529,"column":6},"end":{"line":529,"column":22}},"154":{"start":{"line":532,"column":15},"end":{"line":532,"column":22}},"155":{"start":{"line":534,"column":4},"end":{"line":536,"column":7}},"156":{"start":{"line":538,"column":4},"end":{"line":547,"column":7}},"157":{"start":{"line":549,"column":4},"end":{"line":549,"column":47}},"158":{"start":{"line":550,"column":4},"end":{"line":550,"column":77}},"159":{"start":{"line":457,"column":13},"end":{"line":457,"column":27}},"160":{"start":{"line":555,"column":31},"end":{"line":667,"column":1}},"161":{"start":{"line":556,"column":2},"end":{"line":666,"column":3}},"162":{"start":{"line":557,"column":24},"end":{"line":557,"column":34}},"163":{"start":{"line":558,"column":23},"end":{"line":558,"column":43}},"164":{"start":{"line":560,"column":4},"end":{"line":565,"column":5}},"165":{"start":{"line":561,"column":6},"end":{"line":564,"column":9}},"166":{"start":{"line":568,"column":18},"end":{"line":570,"column":6}},"167":{"start":{"line":572,"column":4},"end":{"line":577,"column":5}},"168":{"start":{"line":573,"column":6},"end":{"line":576,"column":9}},"169":{"start":{"line":580,"column":4},"end":{"line":585,"column":5}},"170":{"start":{"line":581,"column":6},"end":{"line":584,"column":9}},"171":{"start":{"line":588,"column":27},"end":{"line":593,"column":6}},"172":{"start":{"line":595,"column":4},"end":{"line":609,"column":5}},"173":{"start":{"line":596,"column":6},"end":{"line":601,"column":7}},"174":{"start":{"line":597,"column":8},"end":{"line":600,"column":11}},"175":{"start":{"line":603,"column":6},"end":{"line":608,"column":7}},"176":{"start":{"line":604,"column":8},"end":{"line":607,"column":11}},"177":{"start":{"line":611,"column":24},"end":{"line":642,"column":6}},"178":{"start":{"line":612,"column":26},"end":{"line":618,"column":8}},"179":{"start":{"line":620,"column":6},"end":{"line":639,"column":9}},"180":{"start":{"line":641,"column":6},"end":{"line":641,"column":25}},"181":{"start":{"line":644,"column":15},"end":{"line":644,"column":22}},"182":{"start":{"line":646,"column":4},"end":{"line":648,"column":7}},"183":{"start":{"line":650,"column":4},"end":{"line":659,"column":7}},"184":{"start":{"line":661,"column":4},"end":{"line":661,"column":51}},"185":{"start":{"line":662,"column":4},"end":{"line":665,"column":7}},"186":{"start":{"line":555,"column":13},"end":{"line":555,"column":31}},"187":{"start":{"line":669,"column":40},"end":{"line":699,"column":1}},"188":{"start":{"line":670,"column":16},"end":{"line":670,"column":32}},"189":{"start":{"line":671,"column":2},"end":{"line":698,"column":3}},"190":{"start":{"line":672,"column":19},"end":{"line":686,"column":6}},"191":{"start":{"line":688,"column":4},"end":{"line":691,"column":7}},"192":{"start":{"line":693,"column":4},"end":{"line":693,"column":19}},"193":{"start":{"line":694,"column":4},"end":{"line":697,"column":7}},"194":{"start":{"line":669,"column":13},"end":{"line":669,"column":40}}},"fnMap":{"0":{"name":"(anonymous_0)","decl":{"start":{"line":31,"column":28},"end":{"line":31,"column":33}},"loc":{"start":{"line":35,"column":4},"end":{"line":48,"column":1}}},"1":{"name":"(anonymous_1)","decl":{"start":{"line":51,"column":23},"end":{"line":51,"column":28}},"loc":{"start":{"line":51,"column":52},"end":{"line":58,"column":1}}},"2":{"name":"(anonymous_2)","decl":{"start":{"line":60,"column":25},"end":{"line":60,"column":26}},"loc":{"start":{"line":60,"column":51},"end":{"line":62,"column":1}}},"3":{"name":"(anonymous_3)","decl":{"start":{"line":61,"column":21},"end":{"line":61,"column":22}},"loc":{"start":{"line":61,"column":33},"end":{"line":61,"column":50}}},"4":{"name":"(anonymous_4)","decl":{"start":{"line":65,"column":24},"end":{"line":65,"column":29}},"loc":{"start":{"line":65,"column":50},"end":{"line":76,"column":1}}},"5":{"name":"(anonymous_5)","decl":{"start":{"line":79,"column":31},"end":{"line":79,"column":36}},"loc":{"start":{"line":79,"column":69},"end":{"line":135,"column":1}}},"6":{"name":"(anonymous_6)","decl":{"start":{"line":119,"column":43},"end":{"line":119,"column":44}},"loc":{"start":{"line":119,"column":51},"end":{"line":119,"column":61}}},"7":{"name":"(anonymous_7)","decl":{"start":{"line":138,"column":31},"end":{"line":138,"column":36}},"loc":{"start":{"line":138,"column":69},"end":{"line":204,"column":1}}},"8":{"name":"(anonymous_8)","decl":{"start":{"line":165,"column":46},"end":{"line":165,"column":51}},"loc":{"start":{"line":165,"column":68},"end":{"line":191,"column":5}}},"9":{"name":"(anonymous_9)","decl":{"start":{"line":184,"column":51},"end":{"line":184,"column":52}},"loc":{"start":{"line":184,"column":57},"end":{"line":186,"column":13}}},"10":{"name":"(anonymous_10)","decl":{"start":{"line":207,"column":32},"end":{"line":207,"column":37}},"loc":{"start":{"line":207,"column":70},"end":{"line":299,"column":1}}},"11":{"name":"(anonymous_11)","decl":{"start":{"line":242,"column":30},"end":{"line":242,"column":35}},"loc":{"start":{"line":242,"column":52},"end":{"line":284,"column":5}}},"12":{"name":"(anonymous_12)","decl":{"start":{"line":264,"column":53},"end":{"line":264,"column":54}},"loc":{"start":{"line":264,"column":61},"end":{"line":264,"column":70}}},"13":{"name":"(anonymous_13)","decl":{"start":{"line":302,"column":37},"end":{"line":302,"column":42}},"loc":{"start":{"line":302,"column":75},"end":{"line":368,"column":1}}},"14":{"name":"(anonymous_14)","decl":{"start":{"line":325,"column":30},"end":{"line":325,"column":35}},"loc":{"start":{"line":325,"column":52},"end":{"line":353,"column":5}}},"15":{"name":"(anonymous_15)","decl":{"start":{"line":339,"column":53},"end":{"line":339,"column":54}},"loc":{"start":{"line":339,"column":61},"end":{"line":339,"column":70}}},"16":{"name":"(anonymous_16)","decl":{"start":{"line":371,"column":27},"end":{"line":371,"column":32}},"loc":{"start":{"line":371,"column":65},"end":{"line":405,"column":1}}},"17":{"name":"(anonymous_17)","decl":{"start":{"line":378,"column":30},"end":{"line":378,"column":35}},"loc":{"start":{"line":378,"column":52},"end":{"line":390,"column":5}}},"18":{"name":"(anonymous_18)","decl":{"start":{"line":385,"column":51},"end":{"line":385,"column":52}},"loc":{"start":{"line":385,"column":59},"end":{"line":385,"column":68}}},"19":{"name":"(anonymous_19)","decl":{"start":{"line":409,"column":28},"end":{"line":409,"column":33}},"loc":{"start":{"line":409,"column":66},"end":{"line":453,"column":1}}},"20":{"name":"(anonymous_20)","decl":{"start":{"line":436,"column":39},"end":{"line":436,"column":40}},"loc":{"start":{"line":436,"column":51},"end":{"line":442,"column":6}}},"21":{"name":"(anonymous_21)","decl":{"start":{"line":457,"column":27},"end":{"line":457,"column":32}},"loc":{"start":{"line":457,"column":65},"end":{"line":552,"column":1}}},"22":{"name":"(anonymous_22)","decl":{"start":{"line":503,"column":44},"end":{"line":503,"column":49}},"loc":{"start":{"line":503,"column":57},"end":{"line":530,"column":5}}},"23":{"name":"(anonymous_23)","decl":{"start":{"line":555,"column":31},"end":{"line":555,"column":36}},"loc":{"start":{"line":555,"column":69},"end":{"line":667,"column":1}}},"24":{"name":"(anonymous_24)","decl":{"start":{"line":611,"column":50},"end":{"line":611,"column":55}},"loc":{"start":{"line":611,"column":72},"end":{"line":642,"column":5}}},"25":{"name":"(anonymous_25)","decl":{"start":{"line":669,"column":40},"end":{"line":669,"column":45}},"loc":{"start":{"line":669,"column":78},"end":{"line":699,"column":1}}}},"branchMap":{"0":{"loc":{"start":{"line":39,"column":2},"end":{"line":42,"column":3}},"type":"if","locations":[{"start":{"line":39,"column":2},"end":{"line":42,"column":3}},{"start":{},"end":{}}]},"1":{"loc":{"start":{"line":43,"column":2},"end":{"line":46,"column":3}},"type":"if","locations":[{"start":{"line":43,"column":2},"end":{"line":46,"column":3}},{"start":{},"end":{}}]},"2":{"loc":{"start":{"line":112,"column":4},"end":{"line":117,"column":5}},"type":"if","locations":[{"start":{"line":112,"column":4},"end":{"line":117,"column":5}},{"start":{},"end":{}}]},"3":{"loc":{"start":{"line":144,"column":4},"end":{"line":148,"column":5}},"type":"if","locations":[{"start":{"line":144,"column":4},"end":{"line":148,"column":5}},{"start":{},"end":{}}]},"4":{"loc":{"start":{"line":144,"column":8},"end":{"line":144,"column":57}},"type":"binary-expr","locations":[{"start":{"line":144,"column":8},"end":{"line":144,"column":13}},{"start":{"line":144,"column":17},"end":{"line":144,"column":41}},{"start":{"line":144,"column":45},"end":{"line":144,"column":57}}]},"5":{"loc":{"start":{"line":154,"column":4},"end":{"line":158,"column":5}},"type":"if","locations":[{"start":{"line":154,"column":4},"end":{"line":158,"column":5}},{"start":{},"end":{}}]},"6":{"loc":{"start":{"line":159,"column":4},"end":{"line":163,"column":5}},"type":"if","locations":[{"start":{"line":159,"column":4},"end":{"line":163,"column":5}},{"start":{},"end":{}}]},"7":{"loc":{"start":{"line":213,"column":4},"end":{"line":217,"column":5}},"type":"if","locations":[{"start":{"line":213,"column":4},"end":{"line":217,"column":5}},{"start":{},"end":{}}]},"8":{"loc":{"start":{"line":213,"column":8},"end":{"line":213,"column":51}},"type":"binary-expr","locations":[{"start":{"line":213,"column":8},"end":{"line":213,"column":18}},{"start":{"line":213,"column":22},"end":{"line":213,"column":51}}]},"9":{"loc":{"start":{"line":220,"column":4},"end":{"line":220,"column":23}},"type":"if","locations":[{"start":{"line":220,"column":4},"end":{"line":220,"column":23}},{"start":{},"end":{}}]},"10":{"loc":{"start":{"line":226,"column":4},"end":{"line":230,"column":5}},"type":"if","locations":[{"start":{"line":226,"column":4},"end":{"line":230,"column":5}},{"start":{},"end":{}}]},"11":{"loc":{"start":{"line":236,"column":4},"end":{"line":240,"column":5}},"type":"if","locations":[{"start":{"line":236,"column":4},"end":{"line":240,"column":5}},{"start":{},"end":{}}]},"12":{"loc":{"start":{"line":307,"column":4},"end":{"line":307,"column":23}},"type":"if","locations":[{"start":{"line":307,"column":4},"end":{"line":307,"column":23}},{"start":{},"end":{}}]},"13":{"loc":{"start":{"line":309,"column":4},"end":{"line":313,"column":5}},"type":"if","locations":[{"start":{"line":309,"column":4},"end":{"line":313,"column":5}},{"start":{},"end":{}}]},"14":{"loc":{"start":{"line":319,"column":4},"end":{"line":323,"column":5}},"type":"if","locations":[{"start":{"line":319,"column":4},"end":{"line":323,"column":5}},{"start":{},"end":{}}]},"15":{"loc":{"start":{"line":376,"column":4},"end":{"line":376,"column":23}},"type":"if","locations":[{"start":{"line":376,"column":4},"end":{"line":376,"column":23}},{"start":{},"end":{}}]},"16":{"loc":{"start":{"line":463,"column":4},"end":{"line":467,"column":5}},"type":"if","locations":[{"start":{"line":463,"column":4},"end":{"line":467,"column":5}},{"start":{},"end":{}}]},"17":{"loc":{"start":{"line":463,"column":8},"end":{"line":463,"column":57}},"type":"binary-expr","locations":[{"start":{"line":463,"column":8},"end":{"line":463,"column":13}},{"start":{"line":463,"column":17},"end":{"line":463,"column":41}},{"start":{"line":463,"column":45},"end":{"line":463,"column":57}}]},"18":{"loc":{"start":{"line":469,"column":4},"end":{"line":474,"column":5}},"type":"if","locations":[{"start":{"line":469,"column":4},"end":{"line":474,"column":5}},{"start":{},"end":{}}]},"19":{"loc":{"start":{"line":469,"column":8},"end":{"line":469,"column":37}},"type":"binary-expr","locations":[{"start":{"line":469,"column":8},"end":{"line":469,"column":11}},{"start":{"line":469,"column":15},"end":{"line":469,"column":37}}]},"20":{"loc":{"start":{"line":481,"column":4},"end":{"line":486,"column":5}},"type":"if","locations":[{"start":{"line":481,"column":4},"end":{"line":486,"column":5}},{"start":{},"end":{}}]},"21":{"loc":{"start":{"line":495,"column":4},"end":{"line":500,"column":5}},"type":"if","locations":[{"start":{"line":495,"column":4},"end":{"line":500,"column":5}},{"start":{},"end":{}}]},"22":{"loc":{"start":{"line":560,"column":4},"end":{"line":565,"column":5}},"type":"if","locations":[{"start":{"line":560,"column":4},"end":{"line":565,"column":5}},{"start":{},"end":{}}]},"23":{"loc":{"start":{"line":572,"column":4},"end":{"line":577,"column":5}},"type":"if","locations":[{"start":{"line":572,"column":4},"end":{"line":577,"column":5}},{"start":{},"end":{}}]},"24":{"loc":{"start":{"line":580,"column":4},"end":{"line":585,"column":5}},"type":"if","locations":[{"start":{"line":580,"column":4},"end":{"line":585,"column":5}},{"start":{},"end":{}}]},"25":{"loc":{"start":{"line":595,"column":4},"end":{"line":609,"column":5}},"type":"if","locations":[{"start":{"line":595,"column":4},"end":{"line":609,"column":5}},{"start":{},"end":{}}]},"26":{"loc":{"start":{"line":596,"column":6},"end":{"line":601,"column":7}},"type":"if","locations":[{"start":{"line":596,"column":6},"end":{"line":601,"column":7}},{"start":{},"end":{}}]},"27":{"loc":{"start":{"line":603,"column":6},"end":{"line":608,"column":7}},"type":"if","locations":[{"start":{"line":603,"column":6},"end":{"line":608,"column":7}},{"start":{},"end":{}}]}},"s":{"0":0,"1":0,"2":0,"3":0,"4":0,"5":0,"6":0,"7":0,"8":0,"9":0,"10":0,"11":0,"12":0,"13":0,"14":0,"15":0,"16":0,"17":0,"18":0,"19":0,"20":0,"21":0,"22":0,"23":0,"24":0,"25":0,"26":0,"27":0,"28":0,"29":0,"30":0,"31":0,"32":0,"33":0,"34":0,"35":0,"36":0,"37":0,"38":0,"39":0,"40":0,"41":0,"42":0,"43":0,"44":0,"45":0,"46":0,"47":0,"48":0,"49":0,"50":0,"51":0,"52":0,"53":0,"54":0,"55":0,"56":0,"57":0,"58":0,"59":0,"60":0,"61":0,"62":0,"63":0,"64":0,"65":0,"66":0,"67":0,"68":0,"69":0,"70":0,"71":0,"72":0,"73":0,"74":0,"75":0,"76":0,"77":0,"78":0,"79":0,"80":0,"81":0,"82":0,"83":0,"84":0,"85":0,"86":0,"87":0,"88":0,"89":0,"90":0,"91":0,"92":0,"93":0,"94":0,"95":0,"96":0,"97":0,"98":0,"99":0,"100":0,"101":0,"102":0,"103":0,"104":0,"105":0,"106":0,"107":0,"108":0,"109":0,"110":0,"111":0,"112":0,"113":0,"114":0,"115":0,"116":0,"117":0,"118":0,"119":0,"120":0,"121":0,"122":0,"123":0,"124":0,"125":0,"126":0,"127":0,"128":0,"129":0,"130":0,"131":0,"132":0,"133":0,"134":0,"135":0,"136":0,"137":0,"138":0,"139":0,"140":0,"141":0,"142":0,"143":0,"144":0,"145":0,"146":0,"147":0,"148":0,"149":0,"150":0,"151":0,"152":0,"153":0,"154":0,"155":0,"156":0,"157":0,"158":0,"159":0,"160":0,"161":0,"162":0,"163":0,"164":0,"165":0,"166":0,"167":0,"168":0,"169":0,"170":0,"171":0,"172":0,"173":0,"174":0,"175":0,"176":0,"177":0,"178":0,"179":0,"180":0,"181":0,"182":0,"183":0,"184":0,"185":0,"186":0,"187":0,"188":0,"189":0,"190":0,"191":0,"192":0,"193":0,"194":0},"f":{"0":0,"1":0,"2":0,"3":0,"4":0,"5":0,"6":0,"7":0,"8":0,"9":0,"10":0,"11":0,"12":0,"13":0,"14":0,"15":0,"16":0,"17":0,"18":0,"19":0,"20":0,"21":0,"22":0,"23":0,"24":0,"25":0},"b":{"0":[0,0],"1":[0,0],"2":[0,0],"3":[0,0],"4":[0,0,0],"5":[0,0],"6":[0,0],"7":[0,0],"8":[0,0],"9":[0,0],"10":[0,0],"11":[0,0],"12":[0,0],"13":[0,0],"14":[0,0],"15":[0,0],"16":[0,0],"17":[0,0,0],"18":[0,0],"19":[0,0],"20":[0,0],"21":[0,0],"22":[0,0],"23":[0,0],"24":[0,0],"25":[0,0],"26":[0,0],"27":[0,0]}}
,"C:\\Users\\Frankie\\Desktop\\Development\\agile_group_work_backend\\src\\controller\\notificationController.ts": {"path":"C:\\Users\\Frankie\\Desktop\\Development\\agile_group_work_backend\\src\\controller\\notificationController.ts","statementMap":{"0":{"start":{"line":2,"column":0},"end":{"line":2,"column":39}},"1":{"start":{"line":4,"column":39},"end":{"line":29,"column":1}},"2":{"start":{"line":5,"column":2},"end":{"line":28,"column":3}},"3":{"start":{"line":6,"column":18},"end":{"line":6,"column":34}},"4":{"start":{"line":8,"column":26},"end":{"line":16,"column":6}},"5":{"start":{"line":18,"column":4},"end":{"line":21,"column":7}},"6":{"start":{"line":23,"column":4},"end":{"line":23,"column":19}},"7":{"start":{"line":24,"column":4},"end":{"line":27,"column":7}},"8":{"start":{"line":4,"column":13},"end":{"line":4,"column":39}},"9":{"start":{"line":31,"column":38},"end":{"line":61,"column":1}},"10":{"start":{"line":32,"column":2},"end":{"line":60,"column":3}},"11":{"start":{"line":33,"column":18},"end":{"line":33,"column":34}},"12":{"start":{"line":35,"column":26},"end":{"line":48,"column":6}},"13":{"start":{"line":50,"column":4},"end":{"line":53,"column":7}},"14":{"start":{"line":55,"column":4},"end":{"line":55,"column":19}},"15":{"start":{"line":56,"column":4},"end":{"line":59,"column":7}},"16":{"start":{"line":31,"column":13},"end":{"line":31,"column":38}},"17":{"start":{"line":63,"column":35},"end":{"line":94,"column":1}},"18":{"start":{"line":64,"column":2},"end":{"line":93,"column":3}},"19":{"start":{"line":65,"column":18},"end":{"line":65,"column":34}},"20":{"start":{"line":66,"column":33},"end":{"line":66,"column":41}},"21":{"start":{"line":68,"column":4},"end":{"line":81,"column":6}},"22":{"start":{"line":70,"column":8},"end":{"line":79,"column":10}},"23":{"start":{"line":83,"column":4},"end":{"line":86,"column":null}},"24":{"start":{"line":88,"column":4},"end":{"line":88,"column":19}},"25":{"start":{"line":89,"column":4},"end":{"line":92,"column":7}},"26":{"start":{"line":63,"column":13},"end":{"line":63,"column":35}}},"fnMap":{"0":{"name":"(anonymous_0)","decl":{"start":{"line":4,"column":39},"end":{"line":4,"column":44}},"loc":{"start":{"line":4,"column":77},"end":{"line":29,"column":1}}},"1":{"name":"(anonymous_1)","decl":{"start":{"line":31,"column":38},"end":{"line":31,"column":43}},"loc":{"start":{"line":31,"column":76},"end":{"line":61,"column":1}}},"2":{"name":"(anonymous_2)","decl":{"start":{"line":63,"column":35},"end":{"line":63,"column":40}},"loc":{"start":{"line":63,"column":73},"end":{"line":94,"column":1}}},"3":{"name":"(anonymous_3)","decl":{"start":{"line":69,"column":41},"end":{"line":69,"column":42}},"loc":{"start":{"line":70,"column":8},"end":{"line":79,"column":10}}}},"branchMap":{},"s":{"0":0,"1":0,"2":0,"3":0,"4":0,"5":0,"6":0,"7":0,"8":0,"9":0,"10":0,"11":0,"12":0,"13":0,"14":0,"15":0,"16":0,"17":0,"18":0,"19":0,"20":0,"21":0,"22":0,"23":0,"24":0,"25":0,"26":0},"f":{"0":0,"1":0,"2":0,"3":0},"b":{}}
,"C:\\Users\\Frankie\\Desktop\\Development\\agile_group_work_backend\\src\\controller\\requestController.ts": {"path":"C:\\Users\\Frankie\\Desktop\\Development\\agile_group_work_backend\\src\\controller\\requestController.ts","statementMap":{"0":{"start":{"line":2,"column":0},"end":{"line":2,"column":39}},"1":{"start":{"line":3,"column":0},"end":{"line":3,"column":50}},"2":{"start":{"line":4,"column":0},"end":{"line":4,"column":45}},"3":{"start":{"line":5,"column":0},"end":{"line":5,"column":34}},"4":{"start":{"line":15,"column":31},"end":{"line":97,"column":1}},"5":{"start":{"line":16,"column":2},"end":{"line":96,"column":3}},"6":{"start":{"line":17,"column":20},"end":{"line":17,"column":38}},"7":{"start":{"line":18,"column":20},"end":{"line":18,"column":39}},"8":{"start":{"line":21,"column":4},"end":{"line":26,"column":5}},"9":{"start":{"line":22,"column":6},"end":{"line":25,"column":9}},"10":{"start":{"line":29,"column":18},"end":{"line":38,"column":6}},"11":{"start":{"line":40,"column":4},"end":{"line":45,"column":5}},"12":{"start":{"line":41,"column":6},"end":{"line":44,"column":9}},"13":{"start":{"line":48,"column":4},"end":{"line":53,"column":5}},"14":{"start":{"line":49,"column":6},"end":{"line":52,"column":9}},"15":{"start":{"line":56,"column":21},"end":{"line":74,"column":6}},"16":{"start":{"line":76,"column":30},"end":{"line":83,"column":7}},"17":{"start":{"line":76,"column":53},"end":{"line":83,"column":6}},"18":{"start":{"line":85,"column":4},"end":{"line":89,"column":7}},"19":{"start":{"line":91,"column":4},"end":{"line":91,"column":53}},"20":{"start":{"line":92,"column":4},"end":{"line":95,"column":7}},"21":{"start":{"line":15,"column":13},"end":{"line":15,"column":31}},"22":{"start":{"line":100,"column":34},"end":{"line":284,"column":1}},"23":{"start":{"line":101,"column":2},"end":{"line":283,"column":3}},"24":{"start":{"line":102,"column":35},"end":{"line":102,"column":45}},"25":{"start":{"line":103,"column":20},"end":{"line":103,"column":40}},"26":{"start":{"line":104,"column":23},"end":{"line":104,"column":31}},"27":{"start":{"line":107,"column":4},"end":{"line":112,"column":7}},"28":{"start":{"line":115,"column":4},"end":{"line":120,"column":5}},"29":{"start":{"line":116,"column":6},"end":{"line":119,"column":9}},"30":{"start":{"line":131,"column":18},"end":{"line":140,"column":6}},"31":{"start":{"line":142,"column":4},"end":{"line":147,"column":5}},"32":{"start":{"line":143,"column":6},"end":{"line":146,"column":9}},"33":{"start":{"line":150,"column":4},"end":{"line":155,"column":5}},"34":{"start":{"line":151,"column":6},"end":{"line":154,"column":9}},"35":{"start":{"line":158,"column":24},"end":{"line":171,"column":6}},"36":{"start":{"line":173,"column":4},"end":{"line":178,"column":5}},"37":{"start":{"line":174,"column":6},"end":{"line":177,"column":9}},"38":{"start":{"line":181,"column":4},"end":{"line":186,"column":5}},"39":{"start":{"line":182,"column":6},"end":{"line":185,"column":9}},"40":{"start":{"line":189,"column":4},"end":{"line":194,"column":5}},"41":{"start":{"line":190,"column":6},"end":{"line":193,"column":9}},"42":{"start":{"line":197,"column":4},"end":{"line":264,"column":5}},"43":{"start":{"line":199,"column":6},"end":{"line":217,"column":9}},"44":{"start":{"line":200,"column":8},"end":{"line":207,"column":11}},"45":{"start":{"line":208,"column":8},"end":{"line":216,"column":11}},"46":{"start":{"line":219,"column":17},"end":{"line":219,"column":24}},"47":{"start":{"line":221,"column":6},"end":{"line":223,"column":9}},"48":{"start":{"line":225,"column":6},"end":{"line":234,"column":9}},"49":{"start":{"line":237,"column":6},"end":{"line":252,"column":9}},"50":{"start":{"line":238,"column":8},"end":{"line":242,"column":11}},"51":{"start":{"line":243,"column":8},"end":{"line":251,"column":11}},"52":{"start":{"line":254,"column":6},"end":{"line":263,"column":9}},"53":{"start":{"line":266,"column":4},"end":{"line":266,"column":56}},"54":{"start":{"line":269,"column":4},"end":{"line":277,"column":5}},"55":{"start":{"line":270,"column":26},"end":{"line":270,"column":51}},"56":{"start":{"line":271,"column":6},"end":{"line":276,"column":7}},"57":{"start":{"line":272,"column":8},"end":{"line":275,"column":11}},"58":{"start":{"line":279,"column":4},"end":{"line":282,"column":7}},"59":{"start":{"line":100,"column":13},"end":{"line":100,"column":34}},"60":{"start":{"line":286,"column":37},"end":{"line":312,"column":1}},"61":{"start":{"line":287,"column":2},"end":{"line":311,"column":3}},"62":{"start":{"line":288,"column":18},"end":{"line":288,"column":34}},"63":{"start":{"line":290,"column":24},"end":{"line":299,"column":6}},"64":{"start":{"line":301,"column":4},"end":{"line":304,"column":7}},"65":{"start":{"line":306,"column":4},"end":{"line":306,"column":19}},"66":{"start":{"line":307,"column":4},"end":{"line":310,"column":7}},"67":{"start":{"line":286,"column":13},"end":{"line":286,"column":37}},"68":{"start":{"line":314,"column":30},"end":{"line":337,"column":1}},"69":{"start":{"line":315,"column":2},"end":{"line":336,"column":3}},"70":{"start":{"line":316,"column":26},"end":{"line":316,"column":34}},"71":{"start":{"line":318,"column":21},"end":{"line":322,"column":6}},"72":{"start":{"line":324,"column":4},"end":{"line":324,"column":26}},"73":{"start":{"line":326,"column":4},"end":{"line":329,"column":7}},"74":{"start":{"line":331,"column":4},"end":{"line":331,"column":19}},"75":{"start":{"line":332,"column":4},"end":{"line":335,"column":7}},"76":{"start":{"line":314,"column":13},"end":{"line":314,"column":30}}},"fnMap":{"0":{"name":"(anonymous_0)","decl":{"start":{"line":15,"column":31},"end":{"line":15,"column":36}},"loc":{"start":{"line":15,"column":69},"end":{"line":97,"column":1}}},"1":{"name":"(anonymous_1)","decl":{"start":{"line":76,"column":43},"end":{"line":76,"column":44}},"loc":{"start":{"line":76,"column":53},"end":{"line":83,"column":6}}},"2":{"name":"(anonymous_2)","decl":{"start":{"line":100,"column":34},"end":{"line":100,"column":39}},"loc":{"start":{"line":100,"column":72},"end":{"line":284,"column":1}}},"3":{"name":"(anonymous_3)","decl":{"start":{"line":199,"column":32},"end":{"line":199,"column":37}},"loc":{"start":{"line":199,"column":54},"end":{"line":217,"column":7}}},"4":{"name":"(anonymous_4)","decl":{"start":{"line":237,"column":32},"end":{"line":237,"column":37}},"loc":{"start":{"line":237,"column":54},"end":{"line":252,"column":7}}},"5":{"name":"(anonymous_5)","decl":{"start":{"line":286,"column":37},"end":{"line":286,"column":42}},"loc":{"start":{"line":286,"column":75},"end":{"line":312,"column":1}}},"6":{"name":"(anonymous_6)","decl":{"start":{"line":314,"column":30},"end":{"line":314,"column":35}},"loc":{"start":{"line":314,"column":68},"end":{"line":337,"column":1}}}},"branchMap":{"0":{"loc":{"start":{"line":21,"column":4},"end":{"line":26,"column":5}},"type":"if","locations":[{"start":{"line":21,"column":4},"end":{"line":26,"column":5}},{"start":{},"end":{}}]},"1":{"loc":{"start":{"line":40,"column":4},"end":{"line":45,"column":5}},"type":"if","locations":[{"start":{"line":40,"column":4},"end":{"line":45,"column":5}},{"start":{},"end":{}}]},"2":{"loc":{"start":{"line":48,"column":4},"end":{"line":53,"column":5}},"type":"if","locations":[{"start":{"line":48,"column":4},"end":{"line":53,"column":5}},{"start":{},"end":{}}]},"3":{"loc":{"start":{"line":115,"column":4},"end":{"line":120,"column":5}},"type":"if","locations":[{"start":{"line":115,"column":4},"end":{"line":120,"column":5}},{"start":{},"end":{}}]},"4":{"loc":{"start":{"line":115,"column":8},"end":{"line":115,"column":59}},"type":"binary-expr","locations":[{"start":{"line":115,"column":8},"end":{"line":115,"colu
[...]
"column":5}},"31":{"start":{"line":131,"column":6},"end":{"line":131,"column":46}},"32":{"start":{"line":133,"column":4},"end":{"line":135,"column":5}},"33":{"start":{"line":134,"column":6},"end":{"line":134,"column":44}},"34":{"start":{"line":136,"column":4},"end":{"line":138,"column":5}},"35":{"start":{"line":137,"column":6},"end":{"line":137,"column":50}},"36":{"start":{"line":139,"column":4},"end":{"line":141,"column":5}},"37":{"start":{"line":140,"column":6},"end":{"line":140,"column":48}},"38":{"start":{"line":144,"column":23},"end":{"line":157,"column":6}},"39":{"start":{"line":160,"column":4},"end":{"line":164,"column":7}},"40":{"start":{"line":166,"column":4},"end":{"line":166,"column":50}},"41":{"start":{"line":168,"column":4},"end":{"line":191,"column":5}},"42":{"start":{"line":169,"column":26},"end":{"line":169,"column":51}},"43":{"start":{"line":172,"column":6},"end":{"line":177,"column":7}},"44":{"start":{"line":173,"column":8},"end":{"line":176,"column":11}},"45":{"start":{"line":180,"column":6},"end":{"line":185,"column":7}},"46":{"start":{"line":181,"column":8},"end":{"line":184,"column":11}},"47":{"start":{"line":187,"column":6},"end":{"line":190,"column":9}},"48":{"start":{"line":81,"column":13},"end":{"line":81,"column":33}},"49":{"start":{"line":195,"column":40},"end":{"line":240,"column":1}},"50":{"start":{"line":196,"column":2},"end":{"line":239,"column":3}},"51":{"start":{"line":197,"column":20},"end":{"line":197,"column":38}},"52":{"start":{"line":199,"column":18},"end":{"line":203,"column":6}},"53":{"start":{"line":205,"column":4},"end":{"line":210,"column":5}},"54":{"start":{"line":207,"column":6},"end":{"line":209,"column":63}},"55":{"start":{"line":212,"column":22},"end":{"line":226,"column":6}},"56":{"start":{"line":228,"column":4},"end":{"line":231,"column":null}},"57":{"start":{"line":234,"column":4},"end":{"line":234,"column":null}},"58":{"start":{"line":235,"column":4},"end":{"line":238,"column":null}},"59":{"start":{"line":195,"column":13},"end":{"line":195,"column":40}}},"fnMap":{"0":{"name":"(anonymous_0)","decl":{"start":{"line":11,"column":30},"end":{"line":11,"column":35}},"loc":{"start":{"line":11,"column":68},"end":{"line":47,"column":1}}},"1":{"name":"(anonymous_1)","decl":{"start":{"line":49,"column":30},"end":{"line":49,"column":35}},"loc":{"start":{"line":49,"column":68},"end":{"line":78,"column":1}}},"2":{"name":"(anonymous_2)","decl":{"start":{"line":81,"column":33},"end":{"line":81,"column":38}},"loc":{"start":{"line":81,"column":71},"end":{"line":193,"column":1}}},"3":{"name":"(anonymous_3)","decl":{"start":{"line":195,"column":40},"end":{"line":195,"column":45}},"loc":{"start":{"line":195,"column":78},"end":{"line":240,"column":1}}}},"branchMap":{"0":{"loc":{"start":{"line":29,"column":4},"end":{"line":34,"column":5}},"type":"if","locations":[{"start":{"line":29,"column":4},"end":{"line":34,"column":5}},{"start":{},"end":{}}]},"1":{"loc":{"start":{"line":87,"column":4},"end":{"line":93,"column":5}},"type":"if","locations":[{"start":{"line":87,"column":4},"end":{"line":93,"column":5}},{"start":{},"end":{}}]},"2":{"loc":{"start":{"line":99,"column":4},"end":{"line":104,"column":5}},"type":"if","locations":[{"start":{"line":99,"column":4},"end":{"line":104,"column":5}},{"start":{},"end":{}}]},"3":{"loc":{"start":{"line":115,"column":4},"end":{"line":120,"column":5}},"type":"if","locations":[{"start":{"line":115,"column":4},"end":{"line":120,"column":5}},{"start":{},"end":{}}]},"4":{"loc":{"start":{"line":115,"column":8},"end":{"line":115,"column":62}},"type":"binary-expr","locations":[{"start":{"line":115,"column":8},"end":{"line":115,"column":18}},{"start":{"line":115,"column":22},"end":{"line":115,"column":31}},{"start":{"line":115,"column":35},"end":{"line":115,"column":47}},{"start":{"line":115,"column":51},"end":{"line":115,"column":62}}]},"5":{"loc":{"start":{"line":130,"column":4},"end":{"line":132,"column":5}},"type":"if","locations":[{"start":{"line":130,"column":4},"end":{"line":132,"column":5}},{"start":{},"end":{}}]},"6":{"loc":{"start":{"line":133,"column":4},"end":{"line":135,"column":5}},"type":"if","locations":[{"start":{"line":133,"column":4},"end":{"line":135,"column":5}},{"start":{},"end":{}}]},"7":{"loc":{"start":{"line":136,"column":4},"end":{"line":138,"column":5}},"type":"if","locations":[{"start":{"line":136,"column":4},"end":{"line":138,"column":5}},{"start":{},"end":{}}]},"8":{"loc":{"start":{"line":139,"column":4},"end":{"line":141,"column":5}},"type":"if","locations":[{"start":{"line":139,"column":4},"end":{"line":141,"column":5}},{"start":{},"end":{}}]},"9":{"loc":{"start":{"line":168,"column":4},"end":{"line":191,"column":5}},"type":"if","locations":[{"start":{"line":168,"column":4},"end":{"line":191,"column":5}},{"start":{},"end":{}}]},"10":{"loc":{"start":{"line":168,"column":8},"end":{"line":168,"column":61}},"type":"binary-expr","locations":[{"start":{"line":168,"column":8},"end":{"line":168,"column":13}},{"start":{"line":168,"column":17},"end":{"line":168,"column":42}},{"start":{"line":168,"column":46},"end":{"line":168,"column":61}}]},"11":{"loc":{"start":{"line":172,"column":6},"end":{"line":177,"column":7}},"type":"if","locations":[{"start":{"line":172,"column":6},"end":{"line":177,"column":7}},{"start":{},"end":{}}]},"12":{"loc":{"start":{"line":180,"column":6},"end":{"line":185,"column":7}},"type":"if","locations":[{"start":{"line":180,"column":6},"end":{"line":185,"column":7}},{"start":{},"end":{}}]},"13":{"loc":{"start":{"line":205,"column":4},"end":{"line":210,"column":5}},"type":"if","locations":[{"start":{"line":205,"column":4},"end":{"line":210,"column":5}},{"start":{},"end":{}}]}},"s":{"0":1,"1":1,"2":3,"3":3,"4":3,"5":2,"6":1,"7":1,"8":1,"9":1,"10":1,"11":1,"12":0,"13":0,"14":0,"15":0,"16":0,"17":0,"18":1,"19":1,"20":4,"21":4,"22":4,"23":1,"24":3,"25":3,"26":1,"27":2,"28":1,"29":1,"30":1,"31":1,"32":1,"33":1,"34":1,"35":1,"36":1,"37":1,"38":1,"39":1,"40":0,"41":0,"42":0,"43":0,"44":0,"45":0,"46":0,"47":0,"48":1,"49":1,"50":0,"51":0,"52":0,"53":0,"54":0,"55":0,"56":0,"57":0,"58":0,"59":1},"f":{"0":3,"1":0,"2":4,"3":0},"b":{"0":[1,1],"1":[1,3],"2":[1,2],"3":[1,1],"4":[2,1,1,1],"5":[1,0],"6":[1,0],"7":[1,0],"8":[1,0],"9":[0,0],"10":[0,0,0],"11":[0,0],"12":[0,0],"13":[0,0]}}
,"C:\\Users\\Frankie\\Desktop\\Development\\agile_group_work_backend\\src\\lib\\prisma.ts": {"path":"C:\\Users\\Frankie\\Desktop\\Development\\agile_group_work_backend\\src\\lib\\prisma.ts","statementMap":{"0":{"start":{"line":1,"column":0},"end":{"line":1,"column":22}},"1":{"start":{"line":2,"column":0},"end":{"line":2,"column":46}},"2":{"start":{"line":3,"column":0},"end":{"line":3,"column":61}},"3":{"start":{"line":5,"column":25},"end":{"line":5,"column":58}},"4":{"start":{"line":7,"column":16},"end":{"line":7,"column":50}},"5":{"start":{"line":8,"column":15},"end":{"line":8,"column":44}},"6":{"start":{"line":10,"column":9},"end":{"line":10,"column":15}}},"fnMap":{},"branchMap":{},"s":{"0":0,"1":0,"2":0,"3":0,"4":0,"5":0,"6":0},"f":{},"b":{}}
,"C:\\Users\\Frankie\\Desktop\\Development\\agile_group_work_backend\\src\\middleware\\authMiddleware.ts": {"path":"C:\\Users\\Frankie\\Desktop\\Development\\agile_group_work_backend\\src\\middleware\\authMiddleware.ts","statementMap":{"0":{"start":{"line":1,"column":0},"end":{"line":1,"column":31}},"1":{"start":{"line":2,"column":0},"end":{"line":2,"column":39}},"2":{"start":{"line":7,"column":30},"end":{"line":50,"column":1}},"3":{"start":{"line":10,"column":4},"end":{"line":19,"column":5}},"4":{"start":{"line":14,"column":8},"end":{"line":14,"column":null}},"5":{"start":{"line":16,"column":9},"end":{"line":19,"column":5}},"6":{"start":{"line":17,"column":8},"end":{"line":17,"column":49}},"7":{"start":{"line":18,"column":8},"end":{"line":18,"column":53}},"8":{"start":{"line":21,"column":4},"end":{"line":23,"column":5}},"9":{"start":{"line":22,"column":8},"end":{"line":22,"column":null}},"10":{"start":{"line":25,"column":4},"end":{"line":48,"column":5}},"11":{"start":{"line":27,"column":24},"end":{"line":27,"column":66}},"12":{"start":{"line":28,"column":8},"end":{"line":28,"column":47}},"13":{"start":{"line":31,"column":23},"end":{"line":31,"column":73}},"14":{"start":{"line":33,"column":21},"end":{"line":35,"column":10}},"15":{"start":{"line":37,"column":8},"end":{"line":39,"column":9}},"16":{"start":{"line":38,"column":12},"end":{"line":38,"column":75}},"17":{"start":{"line":42,"column":9},"end":{"line":42,"column":33}},"18":{"start":{"line":43,"column":8},"end":{"line":43,"column":15}},"19":{"start":{"line":46,"column":8},"end":{"line":46,"column":53}},"20":{"start":{"line":47,"column":8},"end":{"line":47,"column":null}},"21":{"start":{"line":7,"column":13},"end":{"line":7,"column":30}}},"fnMap":{"0":{"name":"(anonymous_1)","decl":{"start":{"line":7,"column":30},"end":{"line":7,"column":35}},"loc":{"start":{"line":7,"column":86},"end":{"line":50,"column":1}}}},"branchMap":{"0":{"loc":{"start":{"line":10,"column":4},"end":{"line":19,"column":5}},"type":"if","locations":[{"start":{"line":10,"column":4},"end":{"line":19,"column":5}},{"start":{"line":16,"column":9},"end":{"line":19,"column":5}}]},"1":{"loc":{"start":{"line":11,"column":8},"end":{"line":12,"column":57}},"type":"binary-expr","locations":[{"start":{"line":11,"column":8},"end":{"line":11,"column":33}},{"start":{"line":12,"column":11},"end":{"line":12,"column":57}}]},"2":{"loc":{"start":{"line":16,"column":9},"end":{"line":19,"column":5}},"type":"if","locations":[{"start":{"line":16,"column":9},"end":{"line":19,"column":5}},{"start":{},"end":{}}]},"3":{"loc":{"start":{"line":16,"column":13},"end":{"line":16,"column":51}},"type":"binary-expr","locations":[{"start":{"line":16,"column":13},"end":{"line":16,"column":29}},{"start":{"line":16,"column":33},"end":{"line":16,"column":51}}]},"4":{"loc":{"start":{"line":18,"column":16},"end":{"line":18,"column":52}},"type":"binary-expr","locations":[{"start":{"line":18,"column":16},"end":{"line":18,"column":31}},{"start":{"line":18,"column":35},"end":{"line":18,"column":52}}]},"5":{"loc":{"start":{"line":21,"column":4},"end":{"line":23,"column":5}},"type":"if","locations":[{"start":{"line":21,"column":4},"end":{"line":23,"column":5}},{"start":{},"end":{}}]},"6":{"loc":{"start":{"line":31,"column":23},"end":{"line":31,"column":73}},"type":"cond-expr","locations":[{"start":{"line":31,"column":53},"end":{"line":31,"column":60}},{"start":{"line":31,"column":63},"end":{"line":31,"column":73}}]},"7":{"loc":{"start":{"line":37,"column":8},"end":{"line":39,"column":9}},"type":"if","locations":[{"start":{"line":37,"column":8},"end":{"line":39,"column":9}},{"start":{},"end":{}}]}},"s":{"0":0,"1":0,"2":0,"3":0,"4":0,"5":0,"6":0,"7":0,"8":0,"9":0,"10":0,"11":0,"12":0,"13":0,"14":0,"15":0,"16":0,"17":0,"18":0,"19":0,"20":0,"21":0},"f":{"0":0},"b":{"0":[0,0],"1":[0,0],"2":[0,0],"3":[0,0],"4":[0,0],"5":[0,0],"6":[0,0],"7":[0,0]}}
,"C:\\Users\\Frankie\\Desktop\\Development\\agile_group_work_backend\\src\\routes\\authRoute.ts": {"path":"C:\\Users\\Frankie\\Desktop\\Development\\agile_group_work_backend\\src\\routes\\authRoute.ts","statementMap":{"0":{"start":{"line":1,"column":0},"end":{"line":1,"column":30}},"1":{"start":{"line":2,"column":0},"end":{"line":2,"column":null}},"2":{"start":{"line":9,"column":15},"end":{"line":9,"column":31}},"3":{"start":{"line":11,"column":0},"end":{"line":11,"column":35}},"4":{"start":{"line":12,"column":0},"end":{"line":12,"column":29}},"5":{"start":{"line":13,"column":0},"end":{"line":13,"column":30}},"6":{"start":{"line":14,"column":0},"end":{"line":14,"column":40}},"7":{"start":{"line":16,"column":0},"end":{"line":16,"column":22}}},"fnMap":{},"branchMap":{},"s":{"0":0,"1":0,"2":0,"3":0,"4":0,"5":0,"6":0,"7":0},"f":{},"b":{}}
,"C:\\Users\\Frankie\\Desktop\\Development\\agile_group_work_backend\\src\\routes\\createTFRoute.ts": {"path":"C:\\Users\\Frankie\\Desktop\\Development\\agile_group_work_backend\\src\\routes\\createTFRoute.ts","statementMap":{"0":{"start":{"line":1,"column":0},"end":{"line":1,"column":30}},"1":{"start":{"line":3,"column":0},"end":{"line":3,"column":null}},"2":{"start":{"line":14,"column":0},"end":{"line":14,"column":62}},"3":{"start":{"line":16,"column":15},"end":{"line":16,"column":31}},"4":{"start":{"line":19,"column":0},"end":{"line":19,"column":51}},"5":{"start":{"line":22,"column":0},"end":{"line":22,"column":65}},"6":{"start":{"line":25,"column":0},"end":{"line":25,"column":58}},"7":{"start":{"line":28,"column":0},"end":{"line":28,"column":73}},"8":{"start":{"line":31,"column":0},"end":{"line":31,"column":61}},"9":{"start":{"line":34,"column":0},"end":{"line":34,"column":68}},"10":{"start":{"line":37,"column":0},"end":{"line":37,"column":64}},"11":{"start":{"line":40,"column":0},"end":{"line":40,"column":52}},"12":{"start":{"line":43,"column":0},"end":{"line":43,"column":52}},"13":{"start":{"line":45,"column":0},"end":{"line":45,"column":22}}},"fnMap":{},"branchMap":{},"s":{"0":0,"1":0,"2":0,"3":0,"4":0,"5":0,"6":0,"7":0,"8":0,"9":0,"10":0,"11":0,"12":0,"13":0},"f":{},"b":{}}
,"C:\\Users\\Frankie\\Desktop\\Development\\agile_group_work_backend\\src\\routes\\groupRoute.ts": {"path":"C:\\Users\\Frankie\\Desktop\\Development\\agile_group_work_backend\\src\\routes\\groupRoute.ts","statementMap":{"0":{"start":{"line":1,"column":0},"end":{"line":1,"column":30}},"1":{"start":{"line":2,"column":0},"end":{"line":2,"column":62}},"2":{"start":{"line":3,"column":0},"end":{"line":3,"column":null}},"3":{"start":{"line":15,"column":15},"end":{"line":15,"column":31}},"4":{"start":{"line":16,"column":0},"end":{"line":16,"column":64}},"5":{"start":{"line":17,"column":0},"end":{"line":17,"column":64}},"6":{"start":{"line":18,"column":0},"end":{"line":18,"column":67}},"7":{"start":{"line":19,"column":0},"end":{"line":23,"column":2}},"8":{"start":{"line":26,"column":0},"end":{"line":26,"column":52}},"9":{"start":{"line":28,"column":0},"end":{"line":28,"column":69}},"10":{"start":{"line":31,"column":0},"end":{"line":31,"column":71}},"11":{"start":{"line":34,"column":0},"end":{"line":34,"column":46}},"12":{"start":{"line":36,"column":0},"end":{"line":36,"column":79}},"13":{"start":{"line":38,"column":0},"end":{"line":38,"column":22}}},"fnMap":{},"branchMap":{},"s":{"0":0,"1":0,"2":0,"3":0,"4":0,"5":0,"6":0,"7":0,"8":0,"9":0,"10":0,"11":0,"12":0,"13":0},"f":{},"b":{}}
,"C:\\Users\\Frankie\\Desktop\\Development\\agile_group_work_backend\\src\\routes\\notificationRoute.ts": {"path":"C:\\Users\\Frankie\\Desktop\\Development\\agile_group_work_backend\\src\\routes\\notificationRoute.ts","statementMap":{"0":{"start":{"line":1,"column":0},"end":{"line":1,"column":30}},"1":{"start":{"line":2,"column":0},"end":{"line":2,"column":124}},"2":{"start":{"line":3,"column":0},"end":{"line":3,"column":62}},"3":{"start":{"line":5,"column":15},"end":{"line":5,"column":31}},"4":{"start":{"line":7,"column":0},"end":{"line":7,"column":77}},"5":{"start":{"line":8,"column":0},"end":{"line":8,"column":75}},"6":{"start":{"line":9,"column":0},"end":{"line":9,"column":59}},"7":{"start":{"line":11,"column":0},"end":{"line":11,"column":null}}},"fnMap":{},"branchMap":{},"s":{"0":0,"1":0,"2":0,"3":0,"4":0,"5":0,"6":0,"7":0},"f":{},"b":{}}
,"C:\\Users\\Frankie\\Desktop\\Development\\agile_group_work_backend\\src\\routes\\requestRoute.ts": {"path":"C:\\Users\\Frankie\\Desktop\\Development\\agile_group_work_backend\\src\\routes\\requestRoute.ts","statementMap":{"0":{"start":{"line":1,"column":0},"end":{"line":1,"column":30}},"1":{"start":{"line":2,"column":0},"end":{"line":2,"column":125}},"2":{"start":{"line":3,"column":0},"end":{"line":3,"column":62}},"3":{"start":{"line":5,"column":15},"end":{"line":5,"column":31}},"4":{"start":{"line":8,"column":0},"end":{"line":8,"column":66}},"5":{"start":{"line":11,"column":0},"end":{"line":11,"column":80}},"6":{"start":{"line":13,"column":0},"end":{"line":13,"column":null}},"7":{"start":{"line":15,"column":0},"end":{"line":15,"column":null}},"8":{"start":{"line":17,"column":0},"end":{"line":17,"column":22}}},"fnMap":{},"branchMap":{},"s":{"0":0,"1":0,"2":0,"3":0,"4":0,"5":0,"6":0,"7":0,"8":0},"f":{},"b":{}}
,"C:\\Users\\Frankie\\Desktop\\Development\\agile_group_work_backend\\src\\routes\\scheduleRoute.ts": {"path":"C:\\Users\\Frankie\\Desktop\\Development\\agile_group_work_backend\\src\\routes\\scheduleRoute.ts","statementMap":{"0":{"start":{"line":1,"column":0},"end":{"line":1,"column":30}},"1":{"start":{"line":2,"column":0},"end":{"line":2,"column":62}},"2":{"start":{"line":3,"column":0},"end":{"line":3,"column":null}},"3":{"start":{"line":11,"column":15},"end":{"line":11,"column":31}},"4":{"start":{"line":14,"column":0},"end":{"line":14,"column":55}},"5":{"start":{"line":17,"column":0},"end":{"line":17,"column":65}},"6":{"start":{"line":20,"column":0},"end":{"line":20,"column":74}},"7":{"start":{"line":23,"column":0},"end":{"line":23,"column":62}},"8":{"start":{"line":26,"column":0},"end":{"line":26,"column":66}},"9":{"start":{"line":28,"column":0},"end":{"line":28,"column":null}}},"fnMap":{},"branchMap":{},"s":{"0":0,"1":0,"2":0,"3":0,"4":0,"5":0,"6":0,"7":0,"8":0,"9":0},"f":{},"b":{}}
,"C:\\Users\\Frankie\\Desktop\\Development\\agile_group_work_backend\\src\\routes\\studentRoute.ts": {"path":"C:\\Users\\Frankie\\Desktop\\Development\\agile_group_work_backend\\src\\routes\\studentRoute.ts","statementMap":{"0":{"start":{"line":1,"column":0},"end":{"line":1,"column":30}},"1":{"start":{"line":2,"column":0},"end":{"line":2,"column":62}},"2":{"start":{"line":3,"column":0},"end":{"line":3,"column":126}},"3":{"start":{"line":5,"column":15},"end":{"line":5,"column":31}},"4":{"start":{"line":8,"column":0},"end":{"line":8,"column":63}},"5":{"start":{"line":11,"column":0},"end":{"line":11,"column":66}},"6":{"start":{"line":13,"column":0},"end":{"line":13,"column":null}},"7":{"start":{"line":15,"column":0},"end":{"line":15,"column":null}},"8":{"start":{"line":17,"column":0},"end":{"line":17,"column":22}}},"fnMap":{},"branchMap":{},"s":{"0":0,"1":0,"2":0,"3":0,"4":0,"5":0,"6":0,"7":0,"8":0},"f":{},"b":{}}
,"C:\\Users\\Frankie\\Desktop\\Development\\agile_group_work_backend\\src\\types\\navigate.ts": {"path":"C:\\Users\\Frankie\\Desktop\\Development\\agile_group_work_backend\\src\\types\\navigate.ts","statementMap":{"0":{"start":{"line":1,"column":0},"end":{"line":1,"column":null}},"1":{"start":{"line":2,"column":4},"end":{"line":2,"column":null}},"2":{"start":{"line":3,"column":4},"end":{"line":3,"column":null}},"3":{"start":{"line":4,"column":4},"end":{"line":4,"column":null}}},"fnMap":{"0":{"name":"(anonymous_0)","decl":{"start":{"line":1,"column":0},"end":{"line":1,"column":12}},"loc":{"start":{"line":1,"column":20},"end":{"line":5,"column":1}}}},"branchMap":{"0":{"loc":{"start":{"line":1,"column":12},"end":{"line":1,"column":null}},"type":"binary-expr","locations":[{"start":{"line":1,"column":12},"end":{"line":1,"column":20}},{"start":{"line":1,"column":20},"end":{"line":1,"column":null}}]}},"s":{"0":0,"1":0,"2":0,"3":0},"f":{"0":0},"b":{"0":[0,0]}}
,"C:\\Users\\Frankie\\Desktop\\Development\\agile_group_work_backend\\src\\util\\generateToken.ts": {"path":"C:\\Users\\Frankie\\Desktop\\Development\\agile_group_work_backend\\src\\util\\generateToken.ts","statementMap":{"0":{"start":{"line":2,"column":0},"end":{"line":2,"column":30}},"1":{"start":{"line":4,"column":18},"end":{"line":14,"column":1}},"2":{"start":{"line":5,"column":20},"end":{"line":5,"column":35}},"3":{"start":{"line":6,"column":18},"end":{"line":6,"column":60}},"4":{"start":{"line":8,"column":4},"end":{"line":12,"column":null}},"5":{"start":{"line":13,"column":4},"end":{"line":13,"column":null}},"6":{"start":{"line":16,"column":8},"end":{"line":16,"column":17}}},"fnMap":{"0":{"name":"(anonymous_1)","decl":{"start":{"line":4,"column":18},"end":{"line":4,"column":19}},"loc":{"start":{"line":4,"column":53},"end":{"line":14,"column":1}}}},"branchMap":{},"s":{"0":0,"1":0,"2":0,"3":0,"4":0,"5":0,"6":0},"f":{"0":0},"b":{}}
}
