TN:
SF:src\server.ts
FN:48,(anonymous_1)
FN:52,(anonymous_2)
FN:56,(anonymous_3)
FN:61,(anonymous_4)
FNF:4
FNH:0
FNDA:0,(anonymous_1)
FNDA:0,(anonymous_2)
FNDA:0,(anonymous_3)
FNDA:0,(anonymous_4)
DA:1,0
DA:2,0
DA:3,0
DA:4,0
DA:5,0
DA:6,0
DA:7,0
DA:8,0
DA:9,0
DA:10,0
DA:11,0
DA:12,0
DA:13,0
DA:14,0
DA:15,0
DA:17,0
DA:18,0
DA:21,0
DA:23,0
DA:24,0
DA:27,0
DA:28,0
DA:35,0
DA:38,0
DA:39,0
DA:40,0
DA:41,0
DA:42,0
DA:43,0
DA:44,0
DA:46,0
DA:48,0
DA:49,0
DA:52,0
DA:53,0
DA:56,0
DA:57,0
DA:58,0
DA:61,0
DA:62,0
DA:63,0
LF:41
LH:0
BRF:0
BRH:0
end_of_record
TN:
SF:src\socket.ts
FN:5,(anonymous_0)
FN:13,(anonymous_1)
FN:16,(anonymous_2)
FN:24,(anonymous_3)
FNF:4
FNH:0
FNDA:0,(anonymous_0)
FNDA:0,(anonymous_1)
FNDA:0,(anonymous_2)
FNDA:0,(anonymous_3)
DA:1,0
DA:5,0
DA:6,0
DA:13,0
DA:14,0
DA:16,0
DA:17,0
DA:21,0
DA:24,0
DA:25,0
DA:26,0
DA:29,0
LF:12
LH:0
BRDA:25,0,0,0
BRDA:25,0,1,0
BRF:2
BRH:0
end_of_record
TN:
SF:src\controller\authController.ts
FN:7,(anonymous_1)
FN:25,(anonymous_2)
FN:63,(anonymous_3)
FN:93,(anonymous_4)
FN:105,(anonymous_5)
FNF:5
FNH:0
FNDA:0,(anonymous_1)
FNDA:0,(anonymous_2)
FNDA:0,(anonymous_3)
FNDA:0,(anonymous_4)
FNDA:0,(anonymous_5)
DA:1,0
DA:2,0
DA:3,0
DA:4,0
DA:7,0
DA:9,0
DA:11,0
DA:12,0
DA:16,0
DA:17,0
DA:22,0
DA:23,0
DA:25,0
DA:26,0
DA:37,0
DA:39,0
DA:49,0
DA:52,0
DA:63,0
DA:64,0
DA:66,0
DA:70,0
DA:71,0
DA:74,0
DA:76,0
DA:77,0
DA:80,0
DA:82,0
DA:93,0
DA:94,0
DA:99,0
DA:105,0
DA:106,0
DA:107,0
DA:108,0
DA:109,0
DA:114,0
DA:115,0
DA:117,0
DA:118,0
DA:125,0
LF:41
LH:0
BRDA:16,0,0,0
BRDA:16,0,1,0
BRDA:70,1,0,0
BRDA:70,1,1,0
BRDA:76,2,0,0
BRDA:76,2,1,0
BRDA:108,3,0,0
BRDA:108,3,1,0
BRF:8
BRH:0
end_of_record
TN:
SF:src\controller\createTFController.ts
FN:17,(anonymous_0)
FN:106,(anonymous_1)
FN:116,(anonymous_2)
FN:117,(anonymous_3)
FN:129,(anonymous_4)
FN:180,(anonymous_5)
FN:226,(anonymous_6)
FN:297,(anonymous_7)
FN:382,(anonymous_8)
FN:466,(anonymous_9)
FN:546,(anonymous_10)
FN:638,(anonymous_11)
FN:675,(anonymous_12)
FN:682,(anonymous_13)
FN:703,(anonymous_14)
FN:770,(anonymous_15)
FN:829,(anonymous_16)
FN:858,(anonymous_17)
FN:892,(anonymous_18)
FN:921,(anonymous_19)
FNF:20
FNH:0
FNDA:0,(anonymous_0)
FNDA:0,(anonymous_1)
FNDA:0,(anonymous_2)
FNDA:0,(anonymous_3)
FNDA:0,(anonymous_4)
FNDA:0,(anonymous_5)
FNDA:0,(anonymous_6)
FNDA:0,(anonymous_7)
FNDA:0,(anonymous_8)
FNDA:0,(anonymous_9)
FNDA:0,(anonymous_10)
FNDA:0,(anonymous_11)
FNDA:0,(anonymous_12)
FNDA:0,(anonymous_13)
FNDA:0,(anonymous_14)
FNDA:0,(anonymous_15)
FNDA:0,(anonymous_16)
FNDA:0,(anonymous_17)
FNDA:0,(anonymous_18)
FNDA:0,(anonymous_19)
DA:2,0
DA:3,0
DA:4,0
DA:17,0
DA:18,0
DA:19,0
DA:29,0
DA:32,0
DA:33,0
DA:41,0
DA:42,0
DA:50,0
DA:51,0
DA:59,0
DA:60,0
DA:68,0
DA:73,0
DA:80,0
DA:82,0
DA:83,0
DA:90,0
DA:97,0
DA:98,0
DA:105,0
DA:106,0
DA:108,0
DA:109,0
DA:116,0
DA:117,0
DA:118,0
DA:121,0
DA:122,0
DA:129,0
DA:130,0
DA:174,0
DA:181,0
DA:202,0
DA:205,0
DA:207,0
DA:211,0
DA:222,0
DA:223,0
DA:226,0
DA:227,0
DA:262,0
DA:272,0
DA:275,0
DA:277,0
DA:281,0
DA:288,0
DA:289,0
DA:297,0
DA:298,0
DA:299,0
DA:300,0
DA:301,0
DA:304,0
DA:305,0
DA:312,0
DA:313,0
DA:320,0
DA:321,0
DA:328,0
DA:332,0
DA:333,0
DA:340,0
DA:367,0
DA:373,0
DA:374,0
DA:382,0
DA:383,0
DA:384,0
DA:385,0
DA:386,0
DA:389,0
DA:390,0
DA:397,0
DA:398,0
DA:406,0
DA:407,0
DA:413,0
DA:416,0
DA:417,0
DA:419,0
DA:420,0
DA:422,0
DA:424,0
DA:425,0
DA:431,0
DA:433,0
DA:435,0
DA:436,0
DA:442,0
DA:444,0
DA:445,0
DA:446,0
DA:451,0
DA:456,0
DA:459,0
DA:460,0
DA:466,0
DA:468,0
DA:484,0
DA:500,0
DA:503,0
DA:505,0
DA:510,0
DA:516,0
DA:518,0
DA:519,0
DA:522,0
DA:523,0
DA:530,0
DA:531,0
DA:537,0
DA:546,0
DA:547,0
DA:548,0
DA:549,0
DA:552,0
DA:553,0
DA:560,0
DA:561,0
DA:569,0
DA:570,0
DA:576,0
DA:577,0
DA:578,0
DA:586,0
DA:602,0
DA:608,0
DA:610,0
DA:611,0
DA:614,0
DA:615,0
DA:622,0
DA:623,0
DA:629,0
DA:638,0
DA:639,0
DA:640,0
DA:641,0
DA:644,0
DA:647,0
DA:648,0
DA:658,0
DA:659,0
DA:665,0
DA:666,0
DA:671,0
DA:675,0
DA:676,0
DA:677,0
DA:683,0
DA:690,0
DA:692,0
DA:696,0
DA:698,0
DA:699,0
DA:703,0
DA:704,0
DA:705,0
DA:708,0
DA:709,0
DA:716,0
DA:724,0
DA:725,0
DA:732,0
DA:754,0
DA:761,0
DA:762,0
DA:770,0
DA:771,0
DA:772,0
DA:773,0
DA:775,0
DA:781,0
DA:782,0
DA:788,0
DA:795,0
DA:796,0
DA:802,0
DA:829,0
DA:843,0
DA:849,0
DA:850,0
DA:858,0
DA:859,0
DA:860,0
DA:861,0
DA:892,0
DA:906,0
DA:912,0
DA:913,0
DA:921,0
DA:922,0
DA:923,0
DA:925,0
DA:926,0
DA:932,0
DA:974,0
DA:975,0
DA:981,0
DA:986,0
DA:987,0
LF:205
LH:0
BRDA:32,0,0,0
BRDA:32,0,1,0
BRDA:32,1,0,0
BRDA:32,1,1,0
BRDA:32,1,2,0
BRDA:32,1,3,0
BRDA:41,2,0,0
BRDA:41,2,1,0
BRDA:50,3,0,0
BRDA:50,3,1,0
BRDA:59,4,0,0
BRDA:59,4,1,0
BRDA:68,5,0,0
BRDA:68,5,1,0
BRDA:69,6,0,0
BRDA:69,6,1,0
BRDA:69,6,2,0
BRDA:80,7,0,0
BRDA:80,7,1,0
BRDA:82,8,0,0
BRDA:82,8,1,0
BRDA:97,9,0,0
BRDA:97,9,1,0
BRDA:108,10,0,0
BRDA:108,10,1,0
BRDA:121,11,0,0
BRDA:121,11,1,0
BRDA:222,12,0,0
BRDA:222,12,1,0
BRDA:304,13,0,0
BRDA:304,13,1,0
BRDA:312,14,0,0
BRDA:312,14,1,0
BRDA:320,15,0,0
BRDA:320,15,1,0
BRDA:320,16,0,0
BRDA:320,16,1,0
BRDA:332,17,0,0
BRDA:332,17,1,0
BRDA:389,18,0,0
BRDA:389,18,1,0
BRDA:397,19,0,0
BRDA:397,19,1,0
BRDA:406,20,0,0
BRDA:406,20,1,0
BRDA:416,21,0,0
BRDA:416,21,1,0
BRDA:419,22,0,0
BRDA:419,22,1,0
BRDA:422,23,0,0
BRDA:422,23,1,0
BRDA:424,24,0,0
BRDA:424,24,1,0
BRDA:433,25,0,0
BRDA:433,25,1,0
BRDA:435,26,0,0
BRDA:435,26,1,0
BRDA:444,27,0,0
BRDA:444,27,1,0
BRDA:445,28,0,0
BRDA:445,28,1,0
BRDA:459,29,0,0
BRDA:459,29,1,0
BRDA:518,30,0,0
BRDA:518,30,1,0
BRDA:518,31,0,0
BRDA:518,31,1,0
BRDA:518,31,2,0
BRDA:522,32,0,0
BRDA:522,32,1,0
BRDA:530,33,0,0
BRDA:530,33,1,0
BRDA:552,34,0,0
BRDA:552,34,1,0
BRDA:560,35,0,0
BRDA:560,35,1,0
BRDA:569,36,0,0
BRDA:569,36,1,0
BRDA:576,37,0,0
BRDA:576,37,1,0
BRDA:577,38,0,0
BRDA:577,38,1,0
BRDA:610,39,0,0
BRDA:610,39,1,0
BRDA:610,40,0,0
BRDA:610,40,1,0
BRDA:610,40,2,0
BRDA:614,41,0,0
BRDA:614,41,1,0
BRDA:622,42,0,0
BRDA:622,42,1,0
BRDA:647,43,0,0
BRDA:647,43,1,0
BRDA:658,44,0,0
BRDA:658,44,1,0
BRDA:665,45,0,0
BRDA:665,45,1,0
BRDA:683,46,0,0
BRDA:683,46,1,0
BRDA:708,47,0,0
BRDA:708,47,1,0
BRDA:724,48,0,0
BRDA:724,48,1,0
BRDA:781,49,0,0
BRDA:781,49,1,0
BRDA:795,50,0,0
BRDA:795,50,1,0
BRDA:925,51,0,0
BRDA:925,51,1,0
BRDA:974,52,0,0
BRDA:974,52,1,0
BRF:111
BRH:0
end_of_record
TN:
SF:src\controller\groupController.ts
FN:31,(anonymous_0)
FN:51,(anonymous_1)
FN:60,(anonymous_2)
FN:61,(anonymous_3)
FN:65,(anonymous_4)
FN:79,(anonymous_5)
FN:119,(anonymous_6)
FN:138,(anonymous_7)
FN:165,(anonymous_8)
FN:184,(anonymous_9)
FN:207,(anonymous_10)
FN:242,(anonymous_11)
FN:264,(anonymous_12)
FN:302,(anonymous_13)
FN:325,(anonymous_14)
FN:339,(anonymous_15)
FN:371,(anonymous_16)
FN:378,(anonymous_17)
FN:385,(anonymous_18)
FN:409,(anonymous_19)
FN:436,(anonymous_20)
FN:457,(anonymous_21)
FN:503,(anonymous_22)
FN:555,(anonymous_23)
FN:611,(anonymous_24)
FN:669,(anonymous_25)
FNF:26
FNH:0
FNDA:0,(anonymous_0)
FNDA:0,(anonymous_1)
FNDA:0,(anonymous_2)
FNDA:0,(anonymous_3)
FNDA:0,(anonymous_4)
FNDA:0,(anonymous_5)
FNDA:0,(anonymous_6)
FNDA:0,(anonymous_7)
FNDA:0,(anonymous_8)
FNDA:0,(anonymous_9)
FNDA:0,(anonymous_10)
FNDA:0,(anonymous_11)
FNDA:0,(anonymous_12)
FNDA:0,(anonymous_13)
FNDA:0,(anonymous_14)
FNDA:0,(anonymous_15)
FNDA:0,(anonymous_16)
FNDA:0,(anonymous_17)
FNDA:0,(anonymous_18)
FNDA:0,(anonymous_19)
FNDA:0,(anonymous_20)
FNDA:0,(anonymous_21)
FNDA:0,(anonymous_22)
FNDA:0,(anonymous_23)
FNDA:0,(anonymous_24)
FNDA:0,(anonymous_25)
DA:2,0
DA:3,0
DA:4,0
DA:5,0
DA:31,0
DA:36,0
DA:39,0
DA:40,0
DA:41,0
DA:43,0
DA:44,0
DA:45,0
DA:47,0
DA:51,0
DA:52,0
DA:57,0
DA:60,0
DA:61,0
DA:65,0
DA:66,0
DA:75,0
DA:79,0
DA:80,0
DA:81,0
DA:83,0
DA:112,0
DA:114,0
DA:119,0
DA:121,0
DA:132,0
DA:133,0
DA:138,0
DA:139,0
DA:140,0
DA:141,0
DA:142,0
DA:144,0
DA:145,0
DA:150,0
DA:154,0
DA:155,0
DA:159,0
DA:160,0
DA:165,0
DA:166,0
DA:172,0
DA:174,0
DA:185,0
DA:190,0
DA:193,0
DA:195,0
DA:199,0
DA:201,0
DA:202,0
DA:207,0
DA:208,0
DA:209,0
DA:210,0
DA:211,0
DA:213,0
DA:214,0
DA:219,0
DA:220,0
DA:222,0
DA:226,0
DA:227,0
DA:232,0
DA:236,0
DA:237,0
DA:242,0
DA:243,0
DA:251,0
DA:253,0
DA:264,0
DA:286,0
DA:288,0
DA:292,0
DA:296,0
DA:297,0
DA:302,0
DA:303,0
DA:304,0
DA:305,0
DA:306,0
DA:307,0
DA:309,0
DA:310,0
DA:315,0
DA:319,0
DA:320,0
DA:325,0
DA:326,0
DA:328,0
DA:333,0
DA:339,0
DA:355,0
DA:357,0
DA:361,0
DA:365,0
DA:366,0
DA:371,0
DA:372,0
DA:373,0
DA:374,0
DA:375,0
DA:376,0
DA:378,0
DA:379,0
DA:380,0
DA:381,0
DA:385,0
DA:392,0
DA:394,0
DA:398,0
DA:402,0
DA:403,0
DA:409,0
DA:410,0
DA:411,0
DA:412,0
DA:436,0
DA:444,0
DA:450,0
DA:451,0
DA:457,0
DA:459,0
DA:460,0
DA:463,0
DA:464,0
DA:469,0
DA:470,0
DA:477,0
DA:481,0
DA:482,0
DA:489,0
DA:495,0
DA:496,0
DA:503,0
DA:504,0
DA:511,0
DA:519,0
DA:529,0
DA:532,0
DA:534,0
DA:538,0
DA:549,0
DA:550,0
DA:555,0
DA:556,0
DA:557,0
DA:558,0
DA:560,0
DA:561,0
DA:568,0
DA:572,0
DA:573,0
DA:580,0
DA:581,0
DA:588,0
DA:595,0
DA:596,0
DA:597,0
DA:603,0
DA:604,0
DA:611,0
DA:612,0
DA:620,0
DA:641,0
DA:644,0
DA:646,0
DA:650,0
DA:661,0
DA:662,0
DA:669,0
DA:670,0
DA:671,0
DA:672,0
DA:688,0
DA:693,0
DA:694,0
LF:180
LH:0
BRDA:39,0,0,0
BRDA:39,0,1,0
BRDA:43,1,0,0
BRDA:43,1,1,0
BRDA:112,2,0,0
BRDA:112,2,1,0
BRDA:144,3,0,0
BRDA:144,3,1,0
BRDA:144,4,0,0
BRDA:144,4,1,0
BRDA:144,4,2,0
BRDA:154,5,0,0
BRDA:154,5,1,0
BRDA:159,6,0,0
BRDA:159,6,1,0
BRDA:213,7,0,0
BRDA:213,7,1,0
BRDA:213,8,0,0
BRDA:213,8,1,0
BRDA:220,9,0,0
BRDA:220,9,1,0
BRDA:226,10,0,0
BRDA:226,10,1,0
BRDA:236,11,0,0
BRDA:236,11,1,0
BRDA:307,12,0,0
BRDA:307,12,1,0
BRDA:309,13,0,0
BRDA:309,13,1,0
BRDA:319,14,0,0
BRDA:319,14,1,0
BRDA:376,15,0,0
BRDA:376,15,1,0
BRDA:463,16,0,0
BRDA:463,16,1,0
BRDA:463,17,0,0
BRDA:463,17,1,0
BRDA:463,17,2,0
BRDA:469,18,0,0
BRDA:469,18,1,0
BRDA:469,19,0,0
BRDA:469,19,1,0
BRDA:481,20,0,0
BRDA:481,20,1,0
BRDA:495,21,0,0
BRDA:495,21,1,0
BRDA:560,22,0,0
BRDA:560,22,1,0
BRDA:572,23,0,0
BRDA:572,23,1,0
BRDA:580,24,0,0
BRDA:580,24,1,0
BRDA:595,25,0,0
BRDA:595,25,1,0
BRDA:596,26,0,0
BRDA:596,26,1,0
BRDA:603,27,0,0
BRDA:603,27,1,0
BRF:58
BRH:0
end_of_record
TN:
SF:src\controller\notificationController.ts
FN:4,(anonymous_0)
FN:31,(anonymous_1)
FN:63,(anonymous_2)
FN:69,(anonymous_3)
FNF:4
FNH:0
FNDA:0,(anonymous_0)
FNDA:0,(anonymous_1)
FNDA:0,(anonymous_2)
FNDA:0,(anonymous_3)
DA:2,0
DA:4,0
DA:5,0
DA:6,0
DA:8,0
DA:18,0
DA:23,0
DA:24,0
DA:31,0
DA:32,0
DA:33,0
DA:35,0
DA:50,0
DA:55,0
DA:56,0
DA:63,0
DA:64,0
DA:65,0
DA:66,0
DA:68,0
DA:70,0
DA:83,0
DA:88,0
DA:89,0
LF:24
LH:0
BRF:0
BRH:0
end_of_record
TN:
SF:src\controller\requestController.ts
FN:15,(anonymous_0)
FN:76,(anonymous_1)
FN:100,(anonymous_2)
FN:199,(anonymous_3)
FN:237,(anonymous_4)
FN:286,(anonymous_5)
FN:314,(anonymous_6)
FNF:7
FNH:0
FNDA:0,(anonymous_0)
FNDA:0,(anonymous_1)
FNDA:0,(anonymous_2)
FNDA:0,(anonymous_3)
FNDA:0,(anonymous_4)
FNDA:0,(anonymous_5)
FNDA:0,(anonymous_6)
DA:2,0
DA:3,0
DA:4,0
DA:5,0
DA:15,0
DA:16,0
DA:17,0
DA:18,0
DA:21,0
DA:22,0
DA:29,0
DA:40,0
DA:41,0
DA:48,0
DA:49,0
DA:56,0
DA:76,0
DA:85,0
DA:91,0
DA:92,0
DA:100,0
DA:101,0
DA:102,0
DA:103,0
DA:104,0
DA:107,0
DA:115,0
DA:116,0
DA:131,0
DA:142,0
DA:143,0
DA:150,0
DA:151,0
DA:158,0
DA:173,0
DA:174,0
DA:181,0
DA:182,0
DA:189,0
DA:190,0
DA:197,0
DA:199,0
DA:200,0
DA:208,0
DA:219,0
DA:221,0
DA:225,0
DA:237,0
DA:238,0
DA:243,0
DA:254,0
DA:266,0
DA:269,0
DA:270,0
DA:271,0
DA:272,0
DA:279,0
DA:286,0
DA:287,0
DA:288,0
DA:290,0
DA:301,0
DA:306,0
DA:307,0
DA:314,0
DA:315,0
DA:316,0
DA:318,0
DA:324,0
DA:326,0
DA:331,0
DA:332,0
LF:72
LH:0
BRDA:21,0,0,0
BRDA:21,0,1,0
BRDA:40,1,0,0
BRDA:40,1,1,0
BRDA:48,2,0,0
BRDA:48,2,1,0
BRDA:115,3,0,0
BRDA:115,3,1,0
BRDA:115,4,0,0
BRDA:115,4,1,0
BRDA:142,5,0,0
BRDA:142,5,1,0
BRDA:150,6,0,0
BRDA:150,6,1,0
BRDA:173,7,0,0
BRDA:173,7,1,0
BRDA:181,8,0,0
BRDA:181,8,1,0
BRDA:189,9,0,0
BRDA:189,9,1,0
BRDA:192,10,0,0
BRDA:192,10,1,0
BRDA:197,11,0,0
BRDA:197,11,1,0
BRDA:269,12,0,0
BRDA:269,12,1,0
BRDA:269,13,0,0
BRDA:269,13,1,0
BRDA:269,13,2,0
BRDA:271,14,0,0
BRDA:271,14,1,0
BRF:31
BRH:0
end_of_record
TN:
SF:src\controller\scheduleController.ts
FN:5,(anonymous_0)
FN:36,(anonymous_1)
FN:93,(anonymous_2)
FN:124,(anonymous_3)
FN:168,(anonymous_4)
FN:200,(anonymous_5)
FNF:6
FNH:0
FNDA:0,(anonymous_0)
FNDA:0,(anonymous_1)
FNDA:0,(anonymous_2)
FNDA:0,(anonymous_3)
FNDA:0,(anonymous_4)
FNDA:0,(anonymous_5)
DA:2,0
DA:5,0
DA:11,0
DA:17,0
DA:18,0
DA:21,0
DA:24,0
DA:25,0
DA:29,0
DA:32,0
DA:36,0
DA:37,0
DA:38,0
DA:39,0
DA:41,0
DA:42,0
DA:49,0
DA:51,0
DA:64,0
DA:70,0
DA:79,0
DA:84,0
DA:85,0
DA:93,0
DA:94,0
DA:95,0
DA:97,0
DA:110,0
DA:115,0
DA:116,0
DA:124,0
DA:125,0
DA:126,0
DA:127,0
DA:129,0
DA:147,0
DA:148,0
DA:154,0
DA:159,0
DA:160,0
DA:168,0
DA:169,0
DA:170,0
DA:171,0
DA:173,0
DA:177,0
DA:178,0
DA:184,0
DA:186,0
DA:191,0
DA:192,0
DA:200,0
DA:201,0
DA:202,0
DA:203,0
DA:204,0
DA:206,0
DA:210,0
DA:211,0
DA:217,0
DA:218,0
DA:224,0
DA:233,0
DA:239,0
DA:240,0
LF:65
LH:0
BRDA:17,0,0,0
BRDA:17,0,1,0
BRDA:24,1,0,0
BRDA:24,1,1,0
BRDA:41,2,0,0
BRDA:41,2,1,0
BRDA:49,3,0,0
BRDA:49,3,1,0
BRDA:147,4,0,0
BRDA:147,4,1,0
BRDA:177,5,0,0
BRDA:177,5,1,0
BRDA:210,6,0,0
BRDA:210,6,1,0
BRDA:217,7,0,0
BRDA:217,7,1,0
BRDA:217,8,0,0
BRDA:217,8,1,0
BRDA:217,8,2,0
BRF:19
BRH:0
end_of_record
TN:
SF:src\controller\studentController.ts
FN:11,(anonymous_0)
FN:49,(anonymous_1)
FN:81,(anonymous_2)
FN:195,(anonymous_3)
FNF:4
FNH:2
FNDA:3,(anonymous_0)
FNDA:0,(anonymous_1)
FNDA:4,(anonymous_2)
FNDA:0,(anonymous_3)
DA:2,1
DA:11,1
DA:12,3
DA:13,3
DA:15,3
DA:29,2
DA:30,1
DA:36,1
DA:41,1
DA:42,1
DA:49,1
DA:50,0
DA:51,0
DA:53,0
DA:67,0
DA:72,0
DA:73,0
DA:81,1
DA:82,4
DA:84,4
DA:87,4
DA:88,1
DA:96,3
DA:99,3
DA:100,1
DA:115,2
DA:116,1
DA:123,1
DA:130,1
DA:131,1
DA:133,1
DA:134,1
DA:136,1
DA:137,1
DA:139,1
DA:140,1
DA:144,1
DA:160,1
DA:166,0
DA:168,0
DA:169,0
DA:172,0
DA:173,0
DA:180,0
DA:181,0
DA:187,0
DA:195,1
DA:196,0
DA:197,0
DA:199,0
DA:205,0
DA:207,0
DA:212,0
DA:228,0
DA:234,0
DA:235,0
LF:56
LH:33
BRDA:29,0,0,1
BRDA:29,0,1,1
BRDA:87,1,0,1
BRDA:87,1,1,3
BRDA:99,2,0,1
BRDA:99,2,1,2
BRDA:115,3,0,1
BRDA:115,3,1,1
BRDA:115,4,0,2
BRDA:115,4,1,1
BRDA:115,4,2,1
BRDA:115,4,3,1
BRDA:130,5,0,1
BRDA:130,5,1,0
BRDA:133,6,0,1
BRDA:133,6,1,0
BRDA:136,7,0,1
BRDA:136,7,1,0
BRDA:139,8,0,1
BRDA:139,8,1,0
BRDA:168,9,0,0
BRDA:168,9,1,0
BRDA:168,10,0,0
BRDA:168,10,1,0
BRDA:168,10,2,0
BRDA:172,11,0,0
BRDA:172,11,1,0
BRDA:180,12,0,0
BRDA:180,12,1,0
BRDA:205,13,0,0
BRDA:205,13,1,0
BRF:31
BRH:16
end_of_record
TN:
SF:src\lib\prisma.ts
FNF:0
FNH:0
DA:1,0
DA:2,0
DA:3,0
DA:5,0
DA:7,0
DA:8,0
DA:10,0
LF:7
LH:0
BRF:0
BRH:0
end_of_record
TN:
SF:src\middleware\authMiddleware.ts
FN:7,(anonymous_1)
FNF:1
FNH:0
FNDA:0,(anonymous_1)
DA:1,0
DA:2,0
DA:7,0
DA:10,0
DA:14,0
DA:16,0
DA:17,0
DA:18,0
DA:21,0
DA:22,0
DA:25,0
DA:27,0
DA:28,0
DA:31,0
DA:33,0
DA:37,0
DA:38,0
DA:42,0
DA:43,0
DA:46,0
DA:47,0
LF:21
LH:0
BRDA:10,0,0,0
BRDA:10,0,1,0
BRDA:11,1,0,0
BRDA:11,1,1,0
BRDA:16,2,0,0
BRDA:16,2,1,0
BRDA:16,3,0,0
BRDA:16,3,1,0
BRDA:18,4,0,0
BRDA:18,4,1,0
BRDA:21,5,0,0
BRDA:21,5,1,0
BRDA:31,6,0,0
BRDA:31,6,1,0
BRDA:37,7,0,0
BRDA:37,7,1,0
BRF:16
BRH:0
end_of_record
TN:
SF:src\routes\authRoute.ts
FNF:0
FNH:0
DA:1,0
DA:2,0
DA:9,0
DA:11,0
DA:12,0
DA:13,0
DA:14,0
DA:16,0
LF:8
LH:0
BRF:0
BRH:0
end_of_record
TN:
SF:src\routes\createTFRoute.ts
FNF:0
FNH:0
DA:1,0
DA:3,0
DA:14,0
DA:16,0
DA:19,0
DA:22,0
DA:25,0
DA:28,0
DA:31,0
DA:34,0
DA:37,0
DA:40,0
DA:43,0
DA:45,0
LF:14
LH:0
BRF:0
BRH:0
end_of_record
TN:
SF:src\routes\groupRoute.ts
FNF:0
FNH:0
DA:1,0
DA:2,0
DA:3,0
DA:15,0
DA:16,0
DA:17,0
DA:18,0
DA:19,0
DA:26,0
DA:28,0
DA:31,0
DA:34,0
DA:36,0
DA:38,0
LF:14
LH:0
BRF:0
BRH:0
end_of_record
TN:
SF:src\routes\notificationRoute.ts
FNF:0
FNH:0
DA:1,0
DA:2,0
DA:3,0
DA:5,0
DA:7,0
DA:8,0
DA:9,0
DA:11,0
LF:8
LH:0
BRF:0
BRH:0
end_of_record
TN:
SF:src\routes\requestRoute.ts
FNF:0
FNH:0
DA:1,0
DA:2,0
DA:3,0
DA:5,0
DA:8,0
DA:11,0
DA:13,0
DA:15,0
DA:17,0
LF:9
LH:0
BRF:0
BRH:0
end_of_record
TN:
SF:src\routes\scheduleRoute.ts
FNF:0
FNH:0
DA:1,0
DA:2,0
DA:3,0
DA:11,0
DA:14,0
DA:17,0
DA:20,0
DA:23,0
DA:26,0
DA:28,0
LF:10
LH:0
BRF:0
BRH:0
end_of_record
TN:
SF:src\routes\studentRoute.ts
FNF:0
FNH:0
DA:1,0
DA:2,0
DA:3,0
DA:5,0
DA:8,0
DA:11,0
DA:13,0
DA:15,0
DA:17,0
LF:9
LH:0
BRF:0
BRH:0
end_of_record
TN:
SF:src\types\navigate.ts
FN:1,(anonymous_0)
FNF:1
FNH:0
FNDA:0,(anonymous_0)
DA:1,0
DA:2,0
DA:3,0
DA:4,0
LF:4
LH:0
BRDA:1,0,0,0
BRDA:1,0,1,0
BRF:2
BRH:0
end_of_record
TN:
SF:src\util\generateToken.ts
FN:4,(anonymous_1)
FNF:1
FNH:0
FNDA:0,(anonymous_1)
DA:2,0
DA:4,0
DA:5,0
DA:6,0
DA:8,0
DA:13,0
DA:16,0
LF:7
LH:0
BRF:0
BRH:0
end_of_record
